Sync invite phone done! 2018-03-31T14:27:54.787286+08:00
Sync invite phone done! 2018-03-31T15:29:50.794614+08:00
Sync invite phone done! 2018-03-31T16:28:05.138875+08:00
Sync invite phone done! 2018-03-31T17:27:28.360490+08:00
Sync invite phone done! 2018-03-31T18:27:32.532452+08:00
Sync invite phone done! 2018-03-31T19:27:18.968689+08:00
Sync invite phone done! 2018-03-31T20:28:14.197651+08:00
Sync invite phone done! 2018-03-31T21:28:21.944172+08:00
Sync invite phone done! 2018-03-31T22:28:39.645858+08:00
Sync invite phone done! 2018-03-31T23:29:39.173639+08:00
Sync invite phone done! 2018-04-01T00:35:58.620906+08:00
Sync invite phone done! 2018-04-01T01:27:34.658387+08:00
Sync invite phone done! 2018-04-01T02:26:55.381169+08:00
Sync invite phone done! 2018-04-01T03:26:26.925453+08:00
Sync invite phone done! 2018-04-01T04:26:07.651336+08:00
Sync invite phone done! 2018-04-01T05:26:18.670264+08:00
Sync invite phone done! 2018-04-01T06:25:57.485454+08:00
Sync invite phone done! 2018-04-01T07:25:58.036557+08:00
Sync invite phone done! 2018-04-01T08:26:13.427025+08:00
Sync invite phone done! 2018-04-01T09:27:13.475759+08:00
Sync invite phone done! 2018-04-01T10:27:41.351850+08:00
Sync invite phone done! 2018-04-01T11:31:51.923692+08:00
Sync invite phone done! 2018-04-01T12:28:37.711452+08:00
Sync invite phone done! 2018-04-01T13:30:40.425463+08:00
Sync invite phone done! 2018-04-01T14:29:28.135786+08:00
Sync invite phone done! 2018-04-01T15:28:29.136862+08:00
Sync invite phone done! 2018-04-01T16:31:40.714395+08:00
Sync invite phone done! 2018-04-01T17:30:02.337550+08:00
Sync invite phone done! 2018-04-01T18:28:54.367568+08:00
Sync invite phone done! 2018-04-01T19:31:21.175847+08:00
Sync invite phone done! 2018-04-01T20:29:42.493341+08:00
Sync invite phone done! 2018-04-01T21:30:26.247922+08:00
Sync invite phone done! 2018-04-01T22:32:19.385199+08:00
Sync invite phone done! 2018-04-01T23:31:13.058796+08:00
Sync invite phone done! 2018-04-02T00:30:24.337108+08:00
Sync invite phone done! 2018-04-02T01:29:17.938035+08:00
Sync invite phone done! 2018-04-02T02:27:30.839343+08:00
Sync invite phone done! 2018-04-02T03:27:28.354806+08:00
Sync invite phone done! 2018-04-02T04:27:09.127607+08:00
Sync invite phone done! 2018-04-02T05:27:12.725796+08:00
Sync invite phone done! 2018-04-02T06:27:00.926145+08:00
Sync invite phone done! 2018-04-02T07:27:18.316420+08:00
Sync invite phone done! 2018-04-02T08:28:26.645770+08:00
Sync invite phone done! 2018-04-02T09:28:41.120499+08:00
Sync invite phone done! 2018-04-02T10:29:05.902470+08:00
Sync invite phone done! 2018-04-02T11:30:19.216249+08:00
Sync invite phone done! 2018-04-02T12:29:10.065817+08:00
Sync invite phone done! 2018-04-02T13:30:00.795271+08:00
Sync invite phone done! 2018-04-02T14:32:44.669898+08:00
Sync invite phone done! 2018-04-02T15:30:26.467395+08:00
Sync invite phone done! 2018-04-02T16:30:45.219516+08:00
Sync invite phone done! 2018-04-02T17:29:45.187840+08:00
Sync invite phone done! 2018-04-02T18:29:12.581263+08:00
Sync invite phone done! 2018-04-02T19:29:38.950404+08:00
Sync invite phone done! 2018-04-02T20:30:32.417453+08:00
Sync invite phone done! 2018-04-02T21:31:44.294709+08:00
Sync invite phone done! 2018-04-02T22:31:25.117615+08:00
Sync invite phone done! 2018-04-02T23:31:15.586757+08:00
Sync invite phone done! 2018-04-03T00:30:47.145620+08:00
Sync invite phone done! 2018-04-03T01:29:00.482133+08:00
Sync invite phone done! 2018-04-03T02:27:43.718592+08:00
Sync invite phone done! 2018-04-03T03:27:59.139336+08:00
Sync invite phone done! 2018-04-03T04:28:08.052785+08:00
Sync invite phone done! 2018-04-03T05:28:17.613475+08:00
Sync invite phone done! 2018-04-03T06:27:53.029565+08:00
Sync invite phone done! 2018-04-03T07:27:58.583092+08:00
Sync invite phone done! 2018-04-03T08:28:21.352835+08:00
Sync invite phone done! 2018-04-03T09:28:59.872465+08:00
Sync invite phone done! 2018-04-03T10:29:25.956862+08:00
Sync invite phone done! 2018-04-03T11:29:45.919724+08:00
Sync invite phone done! 2018-04-03T12:29:10.928411+08:00
error
Sync invite phone done! 2018-04-03T13:31:28.628702+08:00
error
Sync invite phone done! 2018-04-03T14:31:18.296310+08:00
error
Sync invite phone done! 2018-04-03T15:32:52.559012+08:00
error
Sync invite phone done! 2018-04-03T16:32:25.848616+08:00
error
Sync invite phone done! 2018-04-03T17:31:39.290057+08:00
error
Sync invite phone done! 2018-04-03T18:30:18.857922+08:00
Sync invite phone done! 2018-04-03T19:30:07.696723+08:00
Sync invite phone done! 2018-04-03T20:30:38.332950+08:00
Sync invite phone done! 2018-04-03T21:30:44.358705+08:00
('Connection aborted.', RemoteDisconnected('Remote end closed connection without response',))
Sync invite phone done! 2018-04-03T22:41:24.553037+08:00
Sync invite phone done! 2018-04-03T23:32:09.153306+08:00
Sync invite phone done! 2018-04-04T00:31:04.349513+08:00
Sync invite phone done! 2018-04-04T01:28:53.507371+08:00
Sync invite phone done! 2018-04-04T02:28:28.265054+08:00
Sync invite phone done! 2018-04-04T03:27:59.377693+08:00
Sync invite phone done! 2018-04-04T04:28:09.406434+08:00
Sync invite phone done! 2018-04-04T05:27:56.923438+08:00
Sync invite phone done! 2018-04-04T06:28:11.321007+08:00
Sync invite phone done! 2018-04-04T07:27:51.449020+08:00
Sync invite phone done! 2018-04-04T08:27:56.503592+08:00
Sync invite phone done! 2018-04-04T09:28:58.406379+08:00
Sync invite phone done! 2018-04-04T10:29:54.846492+08:00
Sync invite phone done! 2018-04-04T11:30:21.731824+08:00
Sync invite phone done! 2018-04-04T12:30:43.952850+08:00
Sync invite phone done! 2018-04-04T13:31:50.868234+08:00
Sync invite phone done! 2018-04-04T14:36:43.304948+08:00
Sync invite phone done! 2018-04-04T15:34:21.973023+08:00
Sync invite phone done! 2018-04-04T16:32:43.614866+08:00
HTTPConnectionPool(host='ref.idhchain.com', port=80): Max retries exceeded with url: /query_invite_num/?token=v0ZnlqAE5uzqSqFpcMuOIP5TkBOBbMHl&phone=18601012488 (Caused by NewConnectionError('<urllib3.connection.HTTPConnection object at 0x7f914a4f27f0>: Failed to establish a new connection: [Errno -3] Temporary failure in name resolution',))
Sync invite phone done! 2018-04-04T17:35:49.801370+08:00
Sync invite phone done! 2018-04-04T18:29:54.236099+08:00
('Connection aborted.', RemoteDisconnected('Remote end closed connection without response',))
HTTPConnectionPool(host='ref.idhchain.com', port=80): Max retries exceeded with url: /query_invite_num/?token=v0ZnlqAE5uzqSqFpcMuOIP5TkBOBbMHl&phone=18250350885 (Caused by NewConnectionError('<urllib3.connection.HTTPConnection object at 0x7f22d93d7710>: Failed to establish a new connection: [Errno 110] Connection timed out',))
('Connection aborted.', RemoteDisconnected('Remote end closed connection without response',))
Sync invite phone done! 2018-04-04T19:42:12.845196+08:00
Sync invite phone done! 2018-04-04T20:33:52.793081+08:00
Sync invite phone done! 2018-04-04T21:34:20.049871+08:00
('Connection aborted.', RemoteDisconnected('Remote end closed connection without response',))
Sync invite phone done! 2018-04-04T22:39:40.031734+08:00
Sync invite phone done! 2018-04-04T23:33:56.618485+08:00
Sync invite phone done! 2018-04-05T00:32:26.315109+08:00
Sync invite phone done! 2018-04-05T01:57:02.375467+08:00
('Connection aborted.', RemoteDisconnected('Remote end closed connection without response',))
HTTPConnectionPool(host='ref.idhchain.com', port=80): Max retries exceeded with url: /query_invite_num/?token=v0ZnlqAE5uzqSqFpcMuOIP5TkBOBbMHl&phone=18686422431 (Caused by NewConnectionError('<urllib3.connection.HTTPConnection object at 0x7fb601031cf8>: Failed to establish a new connection: [Errno 110] Connection timed out',))
HTTPConnectionPool(host='ref.idhchain.com', port=80): Max retries exceeded with url: /query_invite_num/?token=v0ZnlqAE5uzqSqFpcMuOIP5TkBOBbMHl&phone=18329123495 (Caused by NewConnectionError('<urllib3.connection.HTTPConnection object at 0x7fb600982d30>: Failed to establish a new connection: [Errno 110] Connection timed out',))
('Connection aborted.', RemoteDisconnected('Remote end closed connection without response',))
('Connection aborted.', RemoteDisconnected('Remote end closed connection without response',))
Sync invite phone done! 2018-04-05T03:02:21.634828+08:00
HTTPConnectionPool(host='ref.idhchain.com', port=80): Max retries exceeded with url: /query_invite_num/?token=v0ZnlqAE5uzqSqFpcMuOIP5TkBOBbMHl&phone=15270854705 (Caused by NewConnectionError('<urllib3.connection.HTTPConnection object at 0x7f2c544c8208>: Failed to establish a new connection: [Errno 110] Connection timed out',))
('Connection aborted.', RemoteDisconnected('Remote end closed connection without response',))
HTTPConnectionPool(host='ref.idhchain.com', port=80): Max retries exceeded with url: /query_invite_num/?token=v0ZnlqAE5uzqSqFpcMuOIP5TkBOBbMHl&phone=18817619680 (Caused by NewConnectionError('<urllib3.connection.HTTPConnection object at 0x7f2c54384208>: Failed to establish a new connection: [Errno 110] Connection timed out',))
HTTPConnectionPool(host='ref.idhchain.com', port=80): Max retries exceeded with url: /query_invite_num/?token=v0ZnlqAE5uzqSqFpcMuOIP5TkBOBbMHl&phone=18683297787 (Caused by NewConnectionError('<urllib3.connection.HTTPConnection object at 0x7f2c543849b0>: Failed to establish a new connection: [Errno 110] Connection timed out',))
HTTPConnectionPool(host='ref.idhchain.com', port=80): Max retries exceeded with url: /query_invite_num/?token=v0ZnlqAE5uzqSqFpcMuOIP5TkBOBbMHl&phone=18077615343 (Caused by NewConnectionError('<urllib3.connection.HTTPConnection object at 0x7f2c53cf70b8>: Failed to establish a new connection: [Errno 110] Connection timed out',))
HTTPConnectionPool(host='ref.idhchain.com', port=80): Max retries exceeded with url: /query_invite_num/?token=v0ZnlqAE5uzqSqFpcMuOIP5TkBOBbMHl&phone=13398552511 (Caused by NewConnectionError('<urllib3.connection.HTTPConnection object at 0x7f2c53cfd2e8>: Failed to establish a new connection: [Errno 110] Connection timed out',))
HTTPConnectionPool(host='ref.idhchain.com', port=80): Max retries exceeded with url: /query_invite_num/?token=v0ZnlqAE5uzqSqFpcMuOIP5TkBOBbMHl&phone=13522949967 (Caused by NewConnectionError('<urllib3.connection.HTTPConnection object at 0x7f2c53d13860>: Failed to establish a new connection: [Errno 110] Connection timed out',))
('Connection aborted.', RemoteDisconnected('Remote end closed connection without response',))
('Connection aborted.', RemoteDisconnected('Remote end closed connection without response',))
Sync invite phone done! 2018-04-05T04:32:02.808442+08:00
HTTPConnectionPool(host='ref.idhchain.com', port=80): Max retries exceeded with url: /query_invite_num/?token=v0ZnlqAE5uzqSqFpcMuOIP5TkBOBbMHl&phone=15913153011 (Caused by NewConnectionError('<urllib3.connection.HTTPConnection object at 0x7fe56e3775f8>: Failed to establish a new connection: [Errno 110] Connection timed out',))
('Connection aborted.', RemoteDisconnected('Remote end closed connection without response',))
('Connection aborted.', RemoteDisconnected('Remote end closed connection without response',))
('Connection aborted.', RemoteDisconnected('Remote end closed connection without response',))
HTTPConnectionPool(host='ref.idhchain.com', port=80): Max retries exceeded with url: /query_invite_num/?token=v0ZnlqAE5uzqSqFpcMuOIP5TkBOBbMHl&phone=13623711035 (Caused by NewConnectionError('<urllib3.connection.HTTPConnection object at 0x7fe56dce6ef0>: Failed to establish a new connection: [Errno 110] Connection timed out',))
('Connection aborted.', RemoteDisconnected('Remote end closed connection without response',))
Sync invite phone done! 2018-04-05T05:12:22.985910+08:00
HTTPConnectionPool(host='ref.idhchain.com', port=80): Max retries exceeded with url: /query_invite_num/?token=v0ZnlqAE5uzqSqFpcMuOIP5TkBOBbMHl&phone=18500386785 (Caused by NewConnectionError('<urllib3.connection.HTTPConnection object at 0x7f8d48b5f710>: Failed to establish a new connection: [Errno 110] Connection timed out',))
('Connection aborted.', RemoteDisconnected('Remote end closed connection without response',))
HTTPConnectionPool(host='ref.idhchain.com', port=80): Max retries exceeded with url: /query_invite_num/?token=v0ZnlqAE5uzqSqFpcMuOIP5TkBOBbMHl&phone=13158038093 (Caused by NewConnectionError('<urllib3.connection.HTTPConnection object at 0x7f8d483fbbe0>: Failed to establish a new connection: [Errno 110] Connection timed out',))
HTTPConnectionPool(host='ref.idhchain.com', port=80): Max retries exceeded with url: /query_invite_num/?token=v0ZnlqAE5uzqSqFpcMuOIP5TkBOBbMHl&phone=13619333501 (Caused by NewConnectionError('<urllib3.connection.HTTPConnection object at 0x7f8d48434588>: Failed to establish a new connection: [Errno 110] Connection timed out',))
HTTPConnectionPool(host='ref.idhchain.com', port=80): Max retries exceeded with url: /query_invite_num/?token=v0ZnlqAE5uzqSqFpcMuOIP5TkBOBbMHl&phone=18563178127 (Caused by NewConnectionError('<urllib3.connection.HTTPConnection object at 0x7f8d483b9b00>: Failed to establish a new connection: [Errno 110] Connection timed out',))
HTTPConnectionPool(host='ref.idhchain.com', port=80): Max retries exceeded with url: /query_invite_num/?token=v0ZnlqAE5uzqSqFpcMuOIP5TkBOBbMHl&phone=15130015197 (Caused by NewConnectionError('<urllib3.connection.HTTPConnection object at 0x7f8d483d0ac8>: Failed to establish a new connection: [Errno 110] Connection timed out',))
('Connection aborted.', RemoteDisconnected('Remote end closed connection without response',))
HTTPConnectionPool(host='ref.idhchain.com', port=80): Max retries exceeded with url: /query_invite_num/?token=v0ZnlqAE5uzqSqFpcMuOIP5TkBOBbMHl&phone=13805112733 (Caused by NewConnectionError('<urllib3.connection.HTTPConnection object at 0x7f8d483b9b00>: Failed to establish a new connection: [Errno 110] Connection timed out',))
Sync invite phone done! 2018-04-05T06:17:16.673891+08:00
HTTPConnectionPool(host='ref.idhchain.com', port=80): Max retries exceeded with url: /query_invite_num/?token=v0ZnlqAE5uzqSqFpcMuOIP5TkBOBbMHl&phone=13055682292 (Caused by NewConnectionError('<urllib3.connection.HTTPConnection object at 0x7fe5ff4f0f60>: Failed to establish a new connection: [Errno 110] Connection timed out',))
HTTPConnectionPool(host='ref.idhchain.com', port=80): Max retries exceeded with url: /query_invite_num/?token=v0ZnlqAE5uzqSqFpcMuOIP5TkBOBbMHl&phone=18883316065 (Caused by NewConnectionError('<urllib3.connection.HTTPConnection object at 0x7fe5fee8b978>: Failed to establish a new connection: [Errno 110] Connection timed out',))
HTTPConnectionPool(host='ref.idhchain.com', port=80): Max retries exceeded with url: /query_invite_num/?token=v0ZnlqAE5uzqSqFpcMuOIP5TkBOBbMHl&phone=15875971060 (Caused by NewConnectionError('<urllib3.connection.HTTPConnection object at 0x7fe5fee50f98>: Failed to establish a new connection: [Errno 110] Connection timed out',))
Sync invite phone done! 2018-04-05T07:10:41.948706+08:00
HTTPConnectionPool(host='ref.idhchain.com', port=80): Max retries exceeded with url: /query_invite_num/?token=v0ZnlqAE5uzqSqFpcMuOIP5TkBOBbMHl&phone=15811386737 (Caused by NewConnectionError('<urllib3.connection.HTTPConnection object at 0x7f3c9a63e0f0>: Failed to establish a new connection: [Errno 110] Connection timed out',))
('Connection aborted.', RemoteDisconnected('Remote end closed connection without response',))
('Connection aborted.', RemoteDisconnected('Remote end closed connection without response',))
Sync invite phone done! 2018-04-05T08:11:56.703811+08:00
('Connection aborted.', RemoteDisconnected('Remote end closed connection without response',))
HTTPConnectionPool(host='ref.idhchain.com', port=80): Max retries exceeded with url: /query_invite_num/?token=v0ZnlqAE5uzqSqFpcMuOIP5TkBOBbMHl&phone=13500820091 (Caused by NewConnectionError('<urllib3.connection.HTTPConnection object at 0x7f01f00f8c50>: Failed to establish a new connection: [Errno 110] Connection timed out',))
HTTPConnectionPool(host='ref.idhchain.com', port=80): Max retries exceeded with url: /query_invite_num/?token=v0ZnlqAE5uzqSqFpcMuOIP5TkBOBbMHl&phone=15167712852 (Caused by NewConnectionError('<urllib3.connection.HTTPConnection object at 0x7f01f0107f28>: Failed to establish a new connection: [Errno 110] Connection timed out',))
('Connection aborted.', RemoteDisconnected('Remote end closed connection without response',))
('Connection aborted.', RemoteDisconnected('Remote end closed connection without response',))
('Connection aborted.', RemoteDisconnected('Remote end closed connection without response',))
HTTPConnectionPool(host='ref.idhchain.com', port=80): Max retries exceeded with url: /query_invite_num/?token=v0ZnlqAE5uzqSqFpcMuOIP5TkBOBbMHl&phone=18776698650 (Caused by NewConnectionError('<urllib3.connection.HTTPConnection object at 0x7f01efa356a0>: Failed to establish a new connection: [Errno 110] Connection timed out',))
Sync invite phone done! 2018-04-05T09:18:18.172847+08:00
HTTPConnectionPool(host='ref.idhchain.com', port=80): Max retries exceeded with url: /query_invite_num/?token=v0ZnlqAE5uzqSqFpcMuOIP5TkBOBbMHl&phone=18368029433 (Caused by NewConnectionError('<urllib3.connection.HTTPConnection object at 0x7f3829aeb630>: Failed to establish a new connection: [Errno 110] Connection timed out',))
HTTPConnectionPool(host='ref.idhchain.com', port=80): Max retries exceeded with url: /query_invite_num/?token=v0ZnlqAE5uzqSqFpcMuOIP5TkBOBbMHl&phone=13734024496 (Caused by NewConnectionError('<urllib3.connection.HTTPConnection object at 0x7f3829b0cc88>: Failed to establish a new connection: [Errno 110] Connection timed out',))
('Connection aborted.', RemoteDisconnected('Remote end closed connection without response',))
('Connection aborted.', RemoteDisconnected('Remote end closed connection without response',))
HTTPConnectionPool(host='ref.idhchain.com', port=80): Max retries exceeded with url: /query_invite_num/?token=v0ZnlqAE5uzqSqFpcMuOIP5TkBOBbMHl&phone=13239935151 (Caused by NewConnectionError('<urllib3.connection.HTTPConnection object at 0x7f3829ac3128>: Failed to establish a new connection: [Errno 110] Connection timed out',))
HTTPConnectionPool(host='ref.idhchain.com', port=80): Max retries exceeded with url: /query_invite_num/?token=v0ZnlqAE5uzqSqFpcMuOIP5TkBOBbMHl&phone=18255012214 (Caused by NewConnectionError('<urllib3.connection.HTTPConnection object at 0x7f3829ac3dd8>: Failed to establish a new connection: [Errno 110] Connection timed out',))
('Connection aborted.', RemoteDisconnected('Remote end closed connection without response',))
HTTPConnectionPool(host='ref.idhchain.com', port=80): Max retries exceeded with url: /query_invite_num/?token=v0ZnlqAE5uzqSqFpcMuOIP5TkBOBbMHl&phone=13571736312 (Caused by NewConnectionError('<urllib3.connection.HTTPConnection object at 0x7f3829ae6cc0>: Failed to establish a new connection: [Errno 110] Connection timed out',))
Sync invite phone done! 2018-04-05T10:27:04.273934+08:00
('Connection aborted.', RemoteDisconnected('Remote end closed connection without response',))
('Connection aborted.', RemoteDisconnected('Remote end closed connection without response',))
Sync invite phone done! 2018-04-05T11:01:58.624659+08:00
Sync invite phone done! 2018-04-05T11:32:39.936611+08:00
Sync invite phone done! 2018-04-05T12:32:30.989511+08:00
Sync invite phone done! 2018-04-05T13:34:03.050517+08:00
Sync invite phone done! 2018-04-05T14:32:09.978597+08:00
Sync invite phone done! 2018-04-05T15:34:14.894114+08:00
Sync invite phone done! 2018-04-05T16:33:19.734659+08:00
Sync invite phone done! 2018-04-05T18:33:41.154812+08:00
Sync invite phone done! 2018-04-05T19:32:19.766099+08:00
Sync invite phone done! 2018-04-05T20:39:10.677646+08:00
Sync invite phone done! 2018-04-05T21:38:39.712788+08:00
Sync invite phone done! 2018-04-05T22:34:11.932719+08:00
Sync invite phone done! 2018-04-05T23:34:39.677411+08:00
Sync invite phone done! 2018-04-06T00:35:27.565978+08:00
('Connection aborted.', RemoteDisconnected('Remote end closed connection without response',))
Sync invite phone done! 2018-04-06T01:51:00.224344+08:00
Sync invite phone done! 2018-04-06T02:45:23.988392+08:00
Sync invite phone done! 2018-04-06T03:45:25.679610+08:00
HTTPConnectionPool(host='ref.idhchain.com', port=80): Max retries exceeded with url: /query_invite_num/?token=v0ZnlqAE5uzqSqFpcMuOIP5TkBOBbMHl&phone=18653444454 (Caused by NewConnectionError('<urllib3.connection.HTTPConnection object at 0x7f9ddb902da0>: Failed to establish a new connection: [Errno 110] Connection timed out',))
Sync invite phone done! 2018-04-06T04:50:20.986755+08:00
('Connection aborted.', RemoteDisconnected('Remote end closed connection without response',))
Sync invite phone done! 2018-04-06T05:50:16.306583+08:00
('Connection aborted.', RemoteDisconnected('Remote end closed connection without response',))
Sync invite phone done! 2018-04-06T06:45:31.442070+08:00
Sync invite phone done! 2018-04-06T07:48:47.046368+08:00
Sync invite phone done! 2018-04-06T08:53:53.149044+08:00
('Connection aborted.', RemoteDisconnected('Remote end closed connection without response',))
Sync invite phone done! 2018-04-06T09:55:37.856881+08:00
HTTPConnectionPool(host='ref.idhchain.com', port=80): Max retries exceeded with url: /query_invite_num/?token=v0ZnlqAE5uzqSqFpcMuOIP5TkBOBbMHl&phone=13390881697 (Caused by NewConnectionError('<urllib3.connection.HTTPConnection object at 0x7fa0211ddd68>: Failed to establish a new connection: [Errno 110] Connection timed out',))
Sync invite phone done! 2018-04-06T10:58:23.037866+08:00
Sync invite phone done! 2018-04-06T11:35:59.089474+08:00
Sync invite phone done! 2018-04-06T12:34:15.771252+08:00
Sync invite phone done! 2018-04-06T13:34:03.199415+08:00
Sync invite phone done! 2018-04-06T14:34:13.970191+08:00
Sync invite phone done! 2018-04-06T15:34:43.376207+08:00
HTTPConnectionPool(host='ref.idhchain.com', port=80): Max retries exceeded with url: /query_invite_num/?token=v0ZnlqAE5uzqSqFpcMuOIP5TkBOBbMHl&phone=15007752981 (Caused by NewConnectionError('<urllib3.connection.HTTPConnection object at 0x7f4a779dac50>: Failed to establish a new connection: [Errno 110] Connection timed out',))
Sync invite phone done! 2018-04-06T16:36:58.609051+08:00
Sync invite phone done! 2018-04-06T17:33:45.261311+08:00
('Connection aborted.', RemoteDisconnected('Remote end closed connection without response',))
Sync invite phone done! 2018-04-06T18:34:54.577310+08:00
Sync invite phone done! 2018-04-06T19:34:02.988053+08:00
Sync invite phone done! 2018-04-06T20:33:31.292674+08:00
Sync invite phone done! 2018-04-06T21:35:14.356427+08:00
Sync invite phone done! 2018-04-06T22:34:29.962992+08:00
Sync invite phone done! 2018-04-06T23:35:03.928795+08:00
Sync invite phone done! 2018-04-07T00:33:18.405390+08:00
Sync invite phone done! 2018-04-07T01:32:18.035340+08:00
Sync invite phone done! 2018-04-07T02:30:23.376865+08:00
Sync invite phone done! 2018-04-07T03:30:02.179654+08:00
Sync invite phone done! 2018-04-07T04:29:39.454995+08:00
Sync invite phone done! 2018-04-07T05:30:00.778377+08:00
Sync invite phone done! 2018-04-07T06:30:23.435982+08:00
Sync invite phone done! 2018-04-07T07:30:01.786973+08:00
Sync invite phone done! 2018-04-07T08:30:21.069793+08:00
Sync invite phone done! 2018-04-07T09:31:23.366002+08:00
Sync invite phone done! 2018-04-07T10:32:12.115200+08:00
Sync invite phone done! 2018-04-07T11:32:01.643686+08:00
Sync invite phone done! 2018-04-07T12:31:45.070603+08:00
Sync invite phone done! 2018-04-07T13:33:48.108113+08:00
Sync invite phone done! 2018-04-07T14:33:56.401964+08:00
Sync invite phone done! 2018-04-07T15:32:14.295221+08:00
Sync invite phone done! 2018-04-07T16:36:58.746042+08:00
Sync invite phone done! 2018-04-07T17:32:39.129285+08:00
Sync invite phone done! 2018-04-07T18:31:45.975161+08:00
Sync invite phone done! 2018-04-07T19:34:36.257617+08:00
Sync invite phone done! 2018-04-07T20:33:53.649415+08:00
Sync invite phone done! 2018-04-07T21:34:50.336904+08:00
Sync invite phone done! 2018-04-07T22:36:32.737567+08:00
Sync invite phone done! 2018-04-07T23:33:56.054004+08:00
Sync invite phone done! 2018-04-08T00:32:48.698309+08:00
Sync invite phone done! 2018-04-08T01:30:39.692160+08:00
Sync invite phone done! 2018-04-08T02:30:48.195705+08:00
Sync invite phone done! 2018-04-08T03:31:17.737077+08:00
Sync invite phone done! 2018-04-08T04:30:36.161348+08:00
Sync invite phone done! 2018-04-08T05:29:34.844354+08:00
Sync invite phone done! 2018-04-08T06:29:57.496138+08:00
Sync invite phone done! 2018-04-08T07:30:39.187724+08:00
Sync invite phone done! 2018-04-08T08:31:52.906012+08:00
Sync invite phone done! 2018-04-08T09:29:01.257678+08:00
Sync invite phone done! 2018-04-08T10:40:26.146120+08:00
Sync invite phone done! 2018-04-08T11:34:57.728398+08:00
Sync invite phone done! 2018-04-08T12:34:03.286411+08:00
Sync invite phone done! 2018-04-08T13:32:47.168430+08:00
Sync invite phone done! 2018-04-08T14:40:08.621650+08:00
Sync invite phone done! 2018-04-08T15:39:37.947937+08:00
Sync invite phone done! 2018-04-08T16:37:49.139490+08:00
Sync invite phone done! 2018-04-08T17:35:21.950109+08:00
Sync invite phone done! 2018-04-08T18:29:39.451006+08:00
Sync invite phone done! 2018-04-08T19:42:52.729158+08:00
Sync invite phone done! 2018-04-08T20:31:14.198830+08:00
HTTPConnectionPool(host='ref.idhchain.com', port=80): Max retries exceeded with url: /query_invite_num/?token=v0ZnlqAE5uzqSqFpcMuOIP5TkBOBbMHl&phone=13256393329 (Caused by NewConnectionError('<urllib3.connection.HTTPConnection object at 0x7f30cfac58d0>: Failed to establish a new connection: [Errno 110] Connection timed out',))
Sync invite phone done! 2018-04-08T21:37:21.668012+08:00
Sync invite phone done! 2018-04-08T22:37:00.836489+08:00
Sync invite phone done! 2018-04-08T23:33:17.367119+08:00
Sync invite phone done! 2018-04-09T00:56:33.129213+08:00
Sync invite phone done! 2018-04-09T01:33:16.431154+08:00
Sync invite phone done! 2018-04-09T02:28:33.637338+08:00
Sync invite phone done! 2018-04-09T03:44:27.255963+08:00
Sync invite phone done! 2018-04-09T04:32:48.093910+08:00
Sync invite phone done! 2018-04-09T05:33:49.952144+08:00
Sync invite phone done! 2018-04-09T06:39:45.719473+08:00
Sync invite phone done! 2018-04-09T07:28:59.034826+08:00
Sync invite phone done! 2018-04-09T08:36:40.897274+08:00
Sync invite phone done! 2018-04-09T09:39:37.005678+08:00
Sync invite phone done! 2018-04-09T10:34:02.490577+08:00
Sync invite phone done! 2018-04-09T11:31:32.872560+08:00
Sync invite phone done! 2018-04-09T12:41:21.843770+08:00
Sync invite phone done! 2018-04-09T13:31:58.419557+08:00
Sync invite phone done! 2018-04-09T14:33:29.095498+08:00
Sync invite phone done! 2018-04-09T15:36:38.790592+08:00
Sync invite phone done! 2018-04-09T16:36:51.476447+08:00
Sync invite phone done! 2018-04-09T17:31:33.535850+08:00
Sync invite phone done! 2018-04-09T18:40:50.400006+08:00
Sync invite phone done! 2018-04-09T19:30:40.592935+08:00
Sync invite phone done! 2018-04-09T20:31:44.400240+08:00
Sync invite phone done! 2018-04-09T21:32:15.865319+08:00
Sync invite phone done! 2018-04-09T22:34:25.650735+08:00
Sync invite phone done! 2018-04-09T23:34:25.430299+08:00
Sync invite phone done! 2018-04-10T00:35:16.359619+08:00
Sync invite phone done! 2018-04-10T01:29:49.868491+08:00
Sync invite phone done! 2018-04-10T02:31:55.672964+08:00
HTTPConnectionPool(host='ref.idhchain.com', port=80): Max retries exceeded with url: /query_invite_num/?token=v0ZnlqAE5uzqSqFpcMuOIP5TkBOBbMHl&phone=18601012488 (Caused by NewConnectionError('<urllib3.connection.HTTPConnection object at 0x7f7093036ac8>: Failed to establish a new connection: [Errno -3] Temporary failure in name resolution',))
Sync invite phone done! 2018-04-10T03:35:23.508571+08:00
Sync invite phone done! 2018-04-10T04:28:40.771791+08:00
Sync invite phone done! 2018-04-10T05:28:45.362615+08:00
HTTPConnectionPool(host='ref.idhchain.com', port=80): Max retries exceeded with url: /query_invite_num/?token=v0ZnlqAE5uzqSqFpcMuOIP5TkBOBbMHl&phone=15152242807 (Caused by NewConnectionError('<urllib3.connection.HTTPConnection object at 0x7fcb5386d9b0>: Failed to establish a new connection: [Errno -3] Temporary failure in name resolution',))
Sync invite phone done! 2018-04-10T06:39:56.604154+08:00
Sync invite phone done! 2018-04-10T07:52:24.597687+08:00
Sync invite phone done! 2018-04-10T08:28:45.989855+08:00
Sync invite phone done! 2018-04-10T09:29:55.000515+08:00
Sync invite phone done! 2018-04-10T10:30:41.365985+08:00
Sync invite phone done! 2018-04-10T11:31:38.677903+08:00
HTTPConnectionPool(host='ref.idhchain.com', port=80): Max retries exceeded with url: /query_invite_num/?token=v0ZnlqAE5uzqSqFpcMuOIP5TkBOBbMHl&phone=13632595068 (Caused by NewConnectionError('<urllib3.connection.HTTPConnection object at 0x7fa614741860>: Failed to establish a new connection: [Errno -3] Temporary failure in name resolution',))
Sync invite phone done! 2018-04-10T12:41:04.189639+08:00
Sync invite phone done! 2018-04-10T13:34:58.861338+08:00
Sync invite phone done! 2018-04-10T14:45:49.382498+08:00
Sync invite phone done! 2018-04-10T15:33:34.048500+08:00
Sync invite phone done! 2018-04-10T16:30:36.357952+08:00
HTTPConnectionPool(host='ref.idhchain.com', port=80): Max retries exceeded with url: /query_invite_num/?token=v0ZnlqAE5uzqSqFpcMuOIP5TkBOBbMHl&phone=15801637139 (Caused by NewConnectionError('<urllib3.connection.HTTPConnection object at 0x7fc68145b6d8>: Failed to establish a new connection: [Errno 110] Connection timed out',))
Sync invite phone done! 2018-04-10T17:33:12.776410+08:00
Sync invite phone done! 2018-04-10T18:30:21.526344+08:00
Sync invite phone done! 2018-04-10T19:31:38.428000+08:00
Sync invite phone done! 2018-04-10T20:46:39.046478+08:00
Sync invite phone done! 2018-04-10T21:41:14.479613+08:00
Sync invite phone done! 2018-04-10T22:41:38.031273+08:00
Sync invite phone done! 2018-04-10T23:38:55.884644+08:00
Sync invite phone done! 2018-04-11T00:34:54.427540+08:00
Sync invite phone done! 2018-04-11T01:31:49.996023+08:00
Sync invite phone done! 2018-04-11T02:29:00.238643+08:00
Sync invite phone done! 2018-04-11T03:31:06.202077+08:00
Sync invite phone done! 2018-04-11T04:30:09.978522+08:00
Sync invite phone done! 2018-04-11T05:30:50.493680+08:00
Sync invite phone done! 2018-04-11T06:29:40.723699+08:00
HTTPConnectionPool(host='ref.idhchain.com', port=80): Max retries exceeded with url: /query_invite_num/?token=v0ZnlqAE5uzqSqFpcMuOIP5TkBOBbMHl&phone=18102583843 (Caused by NewConnectionError('<urllib3.connection.HTTPConnection object at 0x7fbec507c2b0>: Failed to establish a new connection: [Errno 110] Connection timed out',))
HTTPConnectionPool(host='ref.idhchain.com', port=80): Max retries exceeded with url: /query_invite_num/?token=v0ZnlqAE5uzqSqFpcMuOIP5TkBOBbMHl&phone=15881067223 (Caused by NewConnectionError('<urllib3.connection.HTTPConnection object at 0x7fbec5085eb8>: Failed to establish a new connection: [Errno 110] Connection timed out',))
HTTPConnectionPool(host='ref.idhchain.com', port=80): Max retries exceeded with url: /query_invite_num/?token=v0ZnlqAE5uzqSqFpcMuOIP5TkBOBbMHl&phone=13558716321 (Caused by NewConnectionError('<urllib3.connection.HTTPConnection object at 0x7fbec507cbe0>: Failed to establish a new connection: [Errno 110] Connection timed out',))
HTTPConnectionPool(host='ref.idhchain.com', port=80): Max retries exceeded with url: /query_invite_num/?token=v0ZnlqAE5uzqSqFpcMuOIP5TkBOBbMHl&phone=18706536991 (Caused by NewConnectionError('<urllib3.connection.HTTPConnection object at 0x7fbec507b2e8>: Failed to establish a new connection: [Errno 110] Connection timed out',))
HTTPConnectionPool(host='ref.idhchain.com', port=80): Max retries exceeded with url: /query_invite_num/?token=v0ZnlqAE5uzqSqFpcMuOIP5TkBOBbMHl&phone=15283536595 (Caused by NewConnectionError('<urllib3.connection.HTTPConnection object at 0x7fbec509c198>: Failed to establish a new connection: [Errno 110] Connection timed out',))
HTTPConnectionPool(host='ref.idhchain.com', port=80): Max retries exceeded with url: /query_invite_num/?token=v0ZnlqAE5uzqSqFpcMuOIP5TkBOBbMHl&phone=18680727760 (Caused by NewConnectionError('<urllib3.connection.HTTPConnection object at 0x7fbec509ca58>: Failed to establish a new connection: [Errno 110] Connection timed out',))
HTTPConnectionPool(host='ref.idhchain.com', port=80): Max retries exceeded with url: /query_invite_num/?token=v0ZnlqAE5uzqSqFpcMuOIP5TkBOBbMHl&phone=15021223700 (Caused by NewConnectionError('<urllib3.connection.HTTPConnection object at 0x7fbec50a72e8>: Failed to establish a new connection: [Errno 110] Connection timed out',))
HTTPConnectionPool(host='ref.idhchain.com', port=80): Max retries exceeded with url: /query_invite_num/?token=v0ZnlqAE5uzqSqFpcMuOIP5TkBOBbMHl&phone=15212652127 (Caused by NewConnectionError('<urllib3.connection.HTTPConnection object at 0x7fbec50a7550>: Failed to establish a new connection: [Errno 110] Connection timed out',))
HTTPConnectionPool(host='ref.idhchain.com', port=80): Max retries exceeded with url: /query_invite_num/?token=v0ZnlqAE5uzqSqFpcMuOIP5TkBOBbMHl&phone=13413731828 (Caused by NewConnectionError('<urllib3.connection.HTTPConnection object at 0x7fbec509cc18>: Failed to establish a new connection: [Errno 110] Connection timed out',))
HTTPConnectionPool(host='ref.idhchain.com', port=80): Max retries exceeded with url: /query_invite_num/?token=v0ZnlqAE5uzqSqFpcMuOIP5TkBOBbMHl&phone=13908200721 (Caused by NewConnectionError('<urllib3.connection.HTTPConnection object at 0x7fbec509c8d0>: Failed to establish a new connection: [Errno 110] Connection timed out',))
HTTPConnectionPool(host='ref.idhchain.com', port=80): Max retries exceeded with url: /query_invite_num/?token=v0ZnlqAE5uzqSqFpcMuOIP5TkBOBbMHl&phone=15852746764 (Caused by NewConnectionError('<urllib3.connection.HTTPConnection object at 0x7fbec5071be0>: Failed to establish a new connection: [Errno 110] Connection timed out',))
HTTPConnectionPool(host='ref.idhchain.com', port=80): Max retries exceeded with url: /query_invite_num/?token=v0ZnlqAE5uzqSqFpcMuOIP5TkBOBbMHl&phone=15911700974 (Caused by NewConnectionError('<urllib3.connection.HTTPConnection object at 0x7fbec5085f60>: Failed to establish a new connection: [Errno 110] Connection timed out',))
Sync invite phone done! 2018-04-11T07:56:29.610245+08:00
Sync invite phone done! 2018-04-11T08:29:59.127352+08:00
Sync invite phone done! 2018-04-11T09:30:36.384452+08:00
Sync invite phone done! 2018-04-11T10:31:28.563774+08:00
Sync invite phone done! 2018-04-11T11:37:54.060262+08:00
Sync invite phone done! 2018-04-11T12:32:21.154926+08:00
Sync invite phone done! 2018-04-11T13:36:47.978563+08:00
Sync invite phone done! 2018-04-11T14:34:54.535949+08:00
Sync invite phone done! 2018-04-11T15:35:17.210093+08:00
Sync invite phone done! 2018-04-11T16:33:39.836418+08:00
Sync invite phone done! 2018-04-11T17:34:34.885343+08:00
Sync invite phone done! 2018-04-11T18:30:09.190342+08:00
Sync invite phone done! 2018-04-11T19:34:32.292186+08:00
Sync invite phone done! 2018-04-11T20:32:09.195247+08:00
Sync invite phone done! 2018-04-11T21:33:43.684567+08:00
Sync invite phone done! 2018-04-11T22:33:26.191103+08:00
Sync invite phone done! 2018-04-11T23:37:18.281621+08:00
Sync invite phone done! 2018-04-12T00:32:29.059250+08:00
Sync invite phone done! 2018-04-12T01:33:19.570057+08:00
Sync invite phone done! 2018-04-12T02:29:29.768962+08:00
Sync invite phone done! 2018-04-12T03:29:43.886542+08:00
Sync invite phone done! 2018-04-12T04:29:32.751923+08:00
Sync invite phone done! 2018-04-12T05:29:34.923440+08:00
Sync invite phone done! 2018-04-12T06:30:57.895389+08:00
Sync invite phone done! 2018-04-12T07:31:13.401221+08:00
Sync invite phone done! 2018-04-12T08:31:44.442731+08:00
Sync invite phone done! 2018-04-12T09:31:13.060034+08:00
Sync invite phone done! 2018-04-12T10:33:55.557622+08:00
Sync invite phone done! 2018-04-12T11:33:00.112162+08:00
Sync invite phone done! 2018-04-12T12:34:58.692038+08:00
HTTPConnectionPool(host='ref.idhchain.com', port=80): Max retries exceeded with url: /query_invite_num/?token=v0ZnlqAE5uzqSqFpcMuOIP5TkBOBbMHl&phone=18618381374 (Caused by NewConnectionError('<urllib3.connection.HTTPConnection object at 0x7f6b70ee8c18>: Failed to establish a new connection: [Errno 110] Connection timed out',))
HTTPConnectionPool(host='ref.idhchain.com', port=80): Max retries exceeded with url: /query_invite_num/?token=v0ZnlqAE5uzqSqFpcMuOIP5TkBOBbMHl&phone=18601012488 (Caused by NewConnectionError('<urllib3.connection.HTTPConnection object at 0x7f6b710a4390>: Failed to establish a new connection: [Errno 110] Connection timed out',))
HTTPConnectionPool(host='ref.idhchain.com', port=80): Max retries exceeded with url: /query_invite_num/?token=v0ZnlqAE5uzqSqFpcMuOIP5TkBOBbMHl&phone=15801637139 (Caused by NewConnectionError('<urllib3.connection.HTTPConnection object at 0x7f6b712d9978>: Failed to establish a new connection: [Errno 110] Connection timed out',))
HTTPConnectionPool(host='ref.idhchain.com', port=80): Max retries exceeded with url: /query_invite_num/?token=v0ZnlqAE5uzqSqFpcMuOIP5TkBOBbMHl&phone=18071050327 (Caused by NewConnectionError('<urllib3.connection.HTTPConnection object at 0x7f6b710a4208>: Failed to establish a new connection: [Errno 110] Connection timed out',))
HTTPConnectionPool(host='ref.idhchain.com', port=80): Max retries exceeded with url: /query_invite_num/?token=v0ZnlqAE5uzqSqFpcMuOIP5TkBOBbMHl&phone=18500386785 (Caused by NewConnectionError('<urllib3.connection.HTTPConnection object at 0x7f6b710a43c8>: Failed to establish a new connection: [Errno 110] Connection timed out',))
HTTPConnectionPool(host='ref.idhchain.com', port=80): Max retries exceeded with url: /query_invite_num/?token=v0ZnlqAE5uzqSqFpcMuOIP5TkBOBbMHl&phone=13631220191 (Caused by NewConnectionError('<urllib3.connection.HTTPConnection object at 0x7f6b710145c0>: Failed to establish a new connection: [Errno 110] Connection timed out',))
HTTPConnectionPool(host='ref.idhchain.com', port=80): Max retries exceeded with url: /query_invite_num/?token=v0ZnlqAE5uzqSqFpcMuOIP5TkBOBbMHl&phone=13922791215 (Caused by NewConnectionError('<urllib3.connection.HTTPConnection object at 0x7f6b71014e10>: Failed to establish a new connection: [Errno 110] Connection timed out',))
HTTPConnectionPool(host='ref.idhchain.com', port=80): Max retries exceeded with url: /query_invite_num/?token=v0ZnlqAE5uzqSqFpcMuOIP5TkBOBbMHl&phone=17679108557 (Caused by NewConnectionError('<urllib3.connection.HTTPConnection object at 0x7f6b71014b70>: Failed to establish a new connection: [Errno 110] Connection timed out',))
HTTPConnectionPool(host='ref.idhchain.com', port=80): Max retries exceeded with url: /query_invite_num/?token=v0ZnlqAE5uzqSqFpcMuOIP5TkBOBbMHl&phone=15960016330 (Caused by NewConnectionError('<urllib3.connection.HTTPConnection object at 0x7f6b71014048>: Failed to establish a new connection: [Errno 110] Connection timed out',))
HTTPConnectionPool(host='ref.idhchain.com', port=80): Max retries exceeded with url: /query_invite_num/?token=v0ZnlqAE5uzqSqFpcMuOIP5TkBOBbMHl&phone=18647096330 (Caused by NewConnectionError('<urllib3.connection.HTTPConnection object at 0x7f6b710a4a58>: Failed to establish a new connection: [Errno 110] Connection timed out',))
HTTPConnectionPool(host='ref.idhchain.com', port=80): Max retries exceeded with url: /query_invite_num/?token=v0ZnlqAE5uzqSqFpcMuOIP5TkBOBbMHl&phone=15110186831 (Caused by NewConnectionError('<urllib3.connection.HTTPConnection object at 0x7f6b710a4828>: Failed to establish a new connection: [Errno 110] Connection timed out',))
HTTPConnectionPool(host='ref.idhchain.com', port=80): Max retries exceeded with url: /query_invite_num/?token=v0ZnlqAE5uzqSqFpcMuOIP5TkBOBbMHl&phone=18608747409 (Caused by NewConnectionError('<urllib3.connection.HTTPConnection object at 0x7f6b710a4c18>: Failed to establish a new connection: [Errno 110] Connection timed out',))
HTTPConnectionPool(host='ref.idhchain.com', port=80): Max retries exceeded with url: /query_invite_num/?token=v0ZnlqAE5uzqSqFpcMuOIP5TkBOBbMHl&phone=13612022827 (Caused by NewConnectionError('<urllib3.connection.HTTPConnection object at 0x7f6b70eee7b8>: Failed to establish a new connection: [Errno 110] Connection timed out',))
HTTPConnectionPool(host='ref.idhchain.com', port=80): Max retries exceeded with url: /query_invite_num/?token=v0ZnlqAE5uzqSqFpcMuOIP5TkBOBbMHl&phone=15527963109 (Caused by NewConnectionError('<urllib3.connection.HTTPConnection object at 0x7f6b70eeefd0>: Failed to establish a new connection: [Errno 110] Connection timed out',))
HTTPConnectionPool(host='ref.idhchain.com', port=80): Max retries exceeded with url: /query_invite_num/?token=v0ZnlqAE5uzqSqFpcMuOIP5TkBOBbMHl&phone=17755662223 (Caused by NewConnectionError('<urllib3.connection.HTTPConnection object at 0x7f6b70ee8d68>: Failed to establish a new connection: [Errno 110] Connection timed out',))
HTTPConnectionPool(host='ref.idhchain.com', port=80): Max retries exceeded with url: /query_invite_num/?token=v0ZnlqAE5uzqSqFpcMuOIP5TkBOBbMHl&phone=18651191195 (Caused by NewConnectionError('<urllib3.connection.HTTPConnection object at 0x7f6b710a4ba8>: Failed to establish a new connection: [Errno 110] Connection timed out',))
HTTPConnectionPool(host='ref.idhchain.com', port=80): Max retries exceeded with url: /query_invite_num/?token=v0ZnlqAE5uzqSqFpcMuOIP5TkBOBbMHl&phone=13887406061 (Caused by NewConnectionError('<urllib3.connection.HTTPConnection object at 0x7f6b710a4978>: Failed to establish a new connection: [Errno 110] Connection timed out',))
HTTPConnectionPool(host='ref.idhchain.com', port=80): Max retries exceeded with url: /query_invite_num/?token=v0ZnlqAE5uzqSqFpcMuOIP5TkBOBbMHl&phone=15860539200 (Caused by NewConnectionError('<urllib3.connection.HTTPConnection object at 0x7f6b70eee908>: Failed to establish a new connection: [Errno 110] Connection timed out',))
HTTPConnectionPool(host='ref.idhchain.com', port=80): Max retries exceeded with url: /query_invite_num/?token=v0ZnlqAE5uzqSqFpcMuOIP5TkBOBbMHl&phone=18523***757 (Caused by NewConnectionError('<urllib3.connection.HTTPConnection object at 0x7f6b70eee780>: Failed to establish a new connection: [Errno 110] Connection timed out',))
HTTPConnectionPool(host='ref.idhchain.com', port=80): Max retries exceeded with url: /query_invite_num/?token=v0ZnlqAE5uzqSqFpcMuOIP5TkBOBbMHl&phone=18580571568 (Caused by NewConnectionError('<urllib3.connection.HTTPConnection object at 0x7f6b71014cc0>: Failed to establish a new connection: [Errno 110] Connection timed out',))
HTTPConnectionPool(host='ref.idhchain.com', port=80): Max retries exceeded with url: /query_invite_num/?token=v0ZnlqAE5uzqSqFpcMuOIP5TkBOBbMHl&phone=13043134367 (Caused by NewConnectionError('<urllib3.connection.HTTPConnection object at 0x7f6b71014080>: Failed to establish a new connection: [Errno 110] Connection timed out',))
HTTPConnectionPool(host='ref.idhchain.com', port=80): Max retries exceeded with url: /query_invite_num/?token=v0ZnlqAE5uzqSqFpcMuOIP5TkBOBbMHl&phone=15320285797 (Caused by NewConnectionError('<urllib3.connection.HTTPConnection object at 0x7f6b70eee278>: Failed to establish a new connection: [Errno 110] Connection timed out',))
HTTPConnectionPool(host='ref.idhchain.com', port=80): Max retries exceeded with url: /query_invite_num/?token=v0ZnlqAE5uzqSqFpcMuOIP5TkBOBbMHl&phone=13777919134 (Caused by NewConnectionError('<urllib3.connection.HTTPConnection object at 0x7f6b710a4e80>: Failed to establish a new connection: [Errno 110] Connection timed out',))
HTTPConnectionPool(host='ref.idhchain.com', port=80): Max retries exceeded with url: /query_invite_num/?token=v0ZnlqAE5uzqSqFpcMuOIP5TkBOBbMHl&phone=18915165833 (Caused by NewConnectionError('<urllib3.connection.HTTPConnection object at 0x7f6b710a47b8>: Failed to establish a new connection: [Errno 110] Connection timed out',))
HTTPConnectionPool(host='ref.idhchain.com', port=80): Max retries exceeded with url: /query_invite_num/?token=v0ZnlqAE5uzqSqFpcMuOIP5TkBOBbMHl&phone=18309866455 (Caused by NewConnectionError('<urllib3.connection.HTTPConnection object at 0x7f6b70ee8eb8>: Failed to establish a new connection: [Errno 110] Connection timed out',))
HTTPConnectionPool(host='ref.idhchain.com', port=80): Max retries exceeded with url: /query_invite_num/?token=v0ZnlqAE5uzqSqFpcMuOIP5TkBOBbMHl&phone=18767037781 (Caused by NewConnectionError('<urllib3.connection.HTTPConnection object at 0x7f6b70efb208>: Failed to establish a new connection: [Errno 110] Connection timed out',))
HTTPConnectionPool(host='ref.idhchain.com', port=80): Max retries exceeded with url: /query_invite_num/?token=v0ZnlqAE5uzqSqFpcMuOIP5TkBOBbMHl&phone=13764772377 (Caused by NewConnectionError('<urllib3.connection.HTTPConnection object at 0x7f6b70872860>: Failed to establish a new connection: [Errno 110] Connection timed out',))
Sync invite phone done! 2018-04-12T14:37:00.646883+08:00
HTTPConnectionPool(host='ref.idhchain.com', port=80): Max retries exceeded with url: /query_invite_num/?token=v0ZnlqAE5uzqSqFpcMuOIP5TkBOBbMHl&phone=15936613073 (Caused by NewConnectionError('<urllib3.connection.HTTPConnection object at 0x7fe50f036a58>: Failed to establish a new connection: [Errno 110] Connection timed out',))
Sync invite phone done! 2018-04-12T14:41:14.495700+08:00
Sync invite phone done! 2018-04-12T15:42:18.691858+08:00
Sync invite phone done! 2018-04-12T16:34:43.446215+08:00
Sync invite phone done! 2018-04-12T17:33:16.192848+08:00
Sync invite phone done! 2018-04-12T18:33:30.065083+08:00
Sync invite phone done! 2018-04-12T19:33:16.526693+08:00
Sync invite phone done! 2018-04-12T20:34:03.859437+08:00
Sync invite phone done! 2018-04-12T21:42:49.423358+08:00
('Connection aborted.', RemoteDisconnected('Remote end closed connection without response',))
HTTPConnectionPool(host='ref.idhchain.com', port=80): Max retries exceeded with url: /query_invite_num/?token=v0ZnlqAE5uzqSqFpcMuOIP5TkBOBbMHl&phone=17197697521 (Caused by NewConnectionError('<urllib3.connection.HTTPConnection object at 0x7f4df0629390>: Failed to establish a new connection: [Errno 110] Connection timed out',))
('Connection aborted.', ConnectionResetError(104, 'Connection reset by peer'))
Sync invite phone done! 2018-04-12T22:51:35.032999+08:00
Sync invite phone done! 2018-04-12T23:38:47.297402+08:00
Sync invite phone done! 2018-04-13T00:34:43.508545+08:00
Sync invite phone done! 2018-04-13T01:30:52.371774+08:00
Sync invite phone done! 2018-04-13T02:29:32.418529+08:00
Sync invite phone done! 2018-04-13T03:29:15.247861+08:00
Sync invite phone done! 2018-04-13T04:30:08.138750+08:00
Sync invite phone done! 2018-04-13T05:29:56.788449+08:00
Sync invite phone done! 2018-04-13T06:32:22.796694+08:00
Sync invite phone done! 2018-04-13T07:32:05.171062+08:00
Sync invite phone done! 2018-04-13T08:31:19.935886+08:00
Sync invite phone done! 2018-04-13T09:31:21.225747+08:00
Sync invite phone done! 2018-04-13T10:31:53.181600+08:00
Sync invite phone done! 2018-04-13T11:34:44.044347+08:00
('Connection aborted.', RemoteDisconnected('Remote end closed connection without response',))
('Connection aborted.', ConnectionResetError(104, 'Connection reset by peer'))
Sync invite phone done! 2018-04-13T12:40:40.710645+08:00
Sync invite phone done! 2018-04-13T13:38:01.936358+08:00
HTTPConnectionPool(host='ref.idhchain.com', port=80): Max retries exceeded with url: /query_invite_num/?token=v0ZnlqAE5uzqSqFpcMuOIP5TkBOBbMHl&phone=18618381374 (Caused by NewConnectionError('<urllib3.connection.HTTPConnection object at 0x7f98626f04e0>: Failed to establish a new connection: [Errno 110] Connection timed out',))
Sync invite phone done! 2018-04-13T14:41:29.296056+08:00
Sync invite phone done! 2018-04-13T15:34:41.761815+08:00
Sync invite phone done! 2018-04-13T16:36:28.555104+08:00
Sync invite phone done! 2018-04-13T17:32:15.941312+08:00
Sync invite phone done! 2018-04-13T18:32:36.032885+08:00
Sync invite phone done! 2018-04-13T19:35:45.774410+08:00
Sync invite phone done! 2018-04-13T20:33:43.726816+08:00
Sync invite phone done! 2018-04-13T21:41:54.389094+08:00
Sync invite phone done! 2018-04-13T22:38:33.567055+08:00
Sync invite phone done! 2018-04-13T23:35:12.233579+08:00
Sync invite phone done! 2018-04-14T00:35:07.831195+08:00
Sync invite phone done! 2018-04-14T01:33:15.648374+08:00
Sync invite phone done! 2018-04-14T02:32:09.515244+08:00
Sync invite phone done! 2018-04-14T03:29:52.482682+08:00
Sync invite phone done! 2018-04-14T04:29:13.486969+08:00
Sync invite phone done! 2018-04-14T05:32:23.659136+08:00
Sync invite phone done! 2018-04-14T06:31:57.965653+08:00
Sync invite phone done! 2018-04-14T07:32:03.073757+08:00
Sync invite phone done! 2018-04-14T08:34:07.227072+08:00
Sync invite phone done! 2018-04-14T09:32:01.625611+08:00
Sync invite phone done! 2018-04-14T10:31:46.052670+08:00
Sync invite phone done! 2018-04-14T11:36:47.442210+08:00
Sync invite phone done! 2018-04-14T12:35:11.410078+08:00
Sync invite phone done! 2018-04-14T13:32:51.693902+08:00
('Connection aborted.', RemoteDisconnected('Remote end closed connection without response',))
Sync invite phone done! 2018-04-14T14:38:20.545090+08:00
Sync invite phone done! 2018-04-14T15:35:42.503471+08:00
('Connection aborted.', ConnectionResetError(104, 'Connection reset by peer'))
Sync invite phone done! 2018-04-14T16:45:46.638089+08:00
Sync invite phone done! 2018-04-14T17:33:36.280129+08:00
Sync invite phone done! 2018-04-14T18:31:56.561737+08:00
Sync invite phone done! 2018-04-14T19:33:51.365173+08:00
Sync invite phone done! 2018-04-14T20:36:01.731371+08:00
Sync invite phone done! 2018-04-14T21:36:47.607221+08:00
Sync invite phone done! 2018-04-14T22:37:40.840902+08:00
Sync invite phone done! 2018-04-14T23:34:17.447950+08:00
Sync invite phone done! 2018-04-15T00:34:39.989393+08:00
Sync invite phone done! 2018-04-15T01:35:29.824229+08:00
Sync invite phone done! 2018-04-15T02:31:33.489839+08:00
Sync invite phone done! 2018-04-15T03:36:10.255288+08:00
Sync invite phone done! 2018-04-15T04:37:56.795221+08:00
Sync invite phone done! 2018-04-15T05:29:43.419509+08:00
Sync invite phone done! 2018-04-15T06:29:53.045777+08:00
Sync invite phone done! 2018-04-15T07:32:13.991709+08:00
Sync invite phone done! 2018-04-15T08:29:19.421178+08:00
Sync invite phone done! 2018-04-15T09:39:37.111667+08:00
Sync invite phone done! 2018-04-15T10:34:38.341936+08:00
Sync invite phone done! 2018-04-15T11:32:24.567420+08:00
Sync invite phone done! 2018-04-15T12:36:33.768759+08:00
HTTPConnectionPool(host='ref.idhchain.com', port=80): Max retries exceeded with url: /query_invite_num/?token=v0ZnlqAE5uzqSqFpcMuOIP5TkBOBbMHl&phone=18601012488 (Caused by NewConnectionError('<urllib3.connection.HTTPConnection object at 0x7ff77be869b0>: Failed to establish a new connection: [Errno 110] Connection timed out',))
HTTPConnectionPool(host='ref.idhchain.com', port=80): Max retries exceeded with url: /query_invite_num/?token=v0ZnlqAE5uzqSqFpcMuOIP5TkBOBbMHl&phone=18071050327 (Caused by NewConnectionError('<urllib3.connection.HTTPConnection object at 0x7ff77be86c50>: Failed to establish a new connection: [Errno 110] Connection timed out',))
HTTPConnectionPool(host='ref.idhchain.com', port=80): Max retries exceeded with url: /query_invite_num/?token=v0ZnlqAE5uzqSqFpcMuOIP5TkBOBbMHl&phone=15890097968 (Caused by NewConnectionError('<urllib3.connection.HTTPConnection object at 0x7ff77bf153c8>: Failed to establish a new connection: [Errno 110] Connection timed out',))
HTTPConnectionPool(host='ref.idhchain.com', port=80): Max retries exceeded with url: /query_invite_num/?token=v0ZnlqAE5uzqSqFpcMuOIP5TkBOBbMHl&phone=13631220191 (Caused by NewConnectionError('<urllib3.connection.HTTPConnection object at 0x7ff77bf15cf8>: Failed to establish a new connection: [Errno 110] Connection timed out',))
HTTPConnectionPool(host='ref.idhchain.com', port=80): Max retries exceeded with url: /query_invite_num/?token=v0ZnlqAE5uzqSqFpcMuOIP5TkBOBbMHl&phone=13922791215 (Caused by NewConnectionError('<urllib3.connection.HTTPConnection object at 0x7ff77bdb33c8>: Failed to establish a new connection: [Errno 110] Connection timed out',))
Sync invite phone done! 2018-04-15T13:49:44.353478+08:00
Sync invite phone done! 2018-04-15T14:32:19.563100+08:00
Sync invite phone done! 2018-04-15T15:33:03.787582+08:00
Sync invite phone done! 2018-04-15T16:40:12.541464+08:00
Sync invite phone done! 2018-04-15T17:35:20.044271+08:00
Sync invite phone done! 2018-04-15T18:30:08.277158+08:00
Sync invite phone done! 2018-04-15T19:31:45.864258+08:00
Sync invite phone done! 2018-04-15T20:40:03.614049+08:00
Sync invite phone done! 2018-04-15T21:36:52.450846+08:00
Sync invite phone done! 2018-04-15T22:34:07.494064+08:00
Sync invite phone done! 2018-04-15T23:33:28.958970+08:00
Sync invite phone done! 2018-04-16T00:35:44.002161+08:00
Sync invite phone done! 2018-04-16T01:33:30.075171+08:00
Sync invite phone done! 2018-04-16T02:29:41.899140+08:00
Sync invite phone done! 2018-04-16T03:29:59.078681+08:00
Sync invite phone done! 2018-04-16T04:34:08.741078+08:00
Sync invite phone done! 2018-04-16T05:32:39.562492+08:00
Sync invite phone done! 2018-04-16T06:33:13.989895+08:00
Sync invite phone done! 2018-04-16T07:32:10.512698+08:00
Sync invite phone done! 2018-04-16T08:31:10.075387+08:00
Sync invite phone done! 2018-04-16T09:33:50.647471+08:00
Sync invite phone done! 2018-04-16T10:36:07.353718+08:00
Sync invite phone done! 2018-04-16T11:35:02.732960+08:00
Sync invite phone done! 2018-04-16T12:35:54.260947+08:00
Sync invite phone done! 2018-04-16T13:34:43.754172+08:00
Sync invite phone done! 2018-04-16T14:37:11.995965+08:00
Sync invite phone done! 2018-04-16T15:36:48.208168+08:00
Sync invite phone done! 2018-04-16T16:36:07.315284+08:00
Sync invite phone done! 2018-04-16T17:30:53.482928+08:00
Sync invite phone done! 2018-04-16T18:30:51.375697+08:00
HTTPConnectionPool(host='ref.idhchain.com', port=80): Max retries exceeded with url: /query_invite_num/?token=v0ZnlqAE5uzqSqFpcMuOIP5TkBOBbMHl&phone=17682332671 (Caused by NewConnectionError('<urllib3.connection.HTTPConnection object at 0x7fad1065ff98>: Failed to establish a new connection: [Errno 110] Connection timed out',))
Sync invite phone done! 2018-04-16T19:36:35.003592+08:00
Sync invite phone done! 2018-04-16T20:41:28.821157+08:00
Sync invite phone done! 2018-04-16T21:35:40.238064+08:00
Sync invite phone done! 2018-04-16T22:33:45.376479+08:00
Sync invite phone done! 2018-04-16T23:44:51.771340+08:00
Sync invite phone done! 2018-04-17T00:42:34.549177+08:00
Sync invite phone done! 2018-04-17T01:39:22.219705+08:00
Sync invite phone done! 2018-04-17T02:33:27.712153+08:00
Sync invite phone done! 2018-04-17T03:32:50.050874+08:00
Sync invite phone done! 2018-04-17T04:32:56.509203+08:00
Sync invite phone done! 2018-04-17T05:33:27.188800+08:00
Sync invite phone done! 2018-04-17T06:32:09.243747+08:00
Sync invite phone done! 2018-04-17T07:32:34.149533+08:00
Sync invite phone done! 2018-04-17T08:32:35.670080+08:00
Sync invite phone done! 2018-04-17T09:29:51.218787+08:00
Sync invite phone done! 2018-04-17T10:34:54.985259+08:00
Sync invite phone done! 2018-04-17T11:32:43.408815+08:00
Sync invite phone done! 2018-04-17T12:37:01.258907+08:00
Sync invite phone done! 2018-04-17T13:36:13.051745+08:00
Sync invite phone done! 2018-04-17T14:35:54.899442+08:00
Sync invite phone done! 2018-04-17T15:34:48.184958+08:00
Sync invite phone done! 2018-04-17T16:33:19.579146+08:00
Sync invite phone done! 2018-04-17T17:34:54.421845+08:00
Sync invite phone done! 2018-04-17T18:34:29.099790+08:00
Sync invite phone done! 2018-04-17T19:36:24.890841+08:00
Sync invite phone done! 2018-04-17T20:33:12.639401+08:00
Sync invite phone done! 2018-04-17T21:44:51.089530+08:00
Sync invite phone done! 2018-04-17T22:40:26.624018+08:00
Sync invite phone done! 2018-04-17T23:38:18.618550+08:00
Sync invite phone done! 2018-04-18T00:35:34.273329+08:00
Sync invite phone done! 2018-04-18T01:31:20.845206+08:00
Sync invite phone done! 2018-04-18T02:31:22.479980+08:00
Sync invite phone done! 2018-04-18T03:30:54.466113+08:00
Sync invite phone done! 2018-04-18T04:33:49.891507+08:00
Sync invite phone done! 2018-04-18T05:32:44.984254+08:00
Sync invite phone done! 2018-04-18T06:32:16.121412+08:00
Sync invite phone done! 2018-04-18T07:32:52.859864+08:00
Sync invite phone done! 2018-04-18T08:31:54.830373+08:00
Sync invite phone done! 2018-04-18T09:31:18.764585+08:00
Sync invite phone done! 2018-04-18T10:32:28.095798+08:00
Sync invite phone done! 2018-04-18T11:31:04.194189+08:00
Sync invite phone done! 2018-04-18T12:31:37.613992+08:00
Sync invite phone done! 2018-04-18T13:37:14.305777+08:00
Sync invite phone done! 2018-04-18T15:36:24.848003+08:00
Sync invite phone done! 2018-04-18T16:43:26.066928+08:00
Sync invite phone done! 2018-04-18T17:32:57.354612+08:00
Sync invite phone done! 2018-04-18T18:41:07.390487+08:00
Sync invite phone done! 2018-04-18T19:32:40.303887+08:00
Sync invite phone done! 2018-04-18T20:35:24.481482+08:00
Sync invite phone done! 2018-04-18T21:37:41.211565+08:00
Sync invite phone done! 2018-04-18T22:36:48.997690+08:00
Sync invite phone done! 2018-04-18T23:35:18.408970+08:00
Sync invite phone done! 2018-04-19T00:36:22.345054+08:00
Sync invite phone done! 2018-04-19T01:32:55.811515+08:00
Sync invite phone done! 2018-04-19T02:30:59.320260+08:00
Sync invite phone done! 2018-04-19T03:31:53.542390+08:00
Sync invite phone done! 2018-04-19T04:35:24.670188+08:00
Sync invite phone done! 2018-04-19T05:36:04.650918+08:00
Sync invite phone done! 2018-04-19T06:34:48.483409+08:00
Sync invite phone done! 2018-04-19T07:35:23.542097+08:00
Sync invite phone done! 2018-04-19T08:34:50.519688+08:00
Sync invite phone done! 2018-04-19T09:35:09.675231+08:00
Sync invite phone done! 2018-04-19T10:36:37.515944+08:00
Sync invite phone done! 2018-04-19T11:33:48.709674+08:00
Sync invite phone done! 2018-04-19T12:34:00.652930+08:00
Sync invite phone done! 2018-04-19T13:34:08.063885+08:00
Sync invite phone done! 2018-04-19T14:33:35.820206+08:00
Sync invite phone done! 2018-04-19T15:36:03.807452+08:00
('Connection aborted.', RemoteDisconnected('Remote end closed connection without response',))
Sync invite phone done! 2018-04-19T16:36:20.357997+08:00
Sync invite phone done! 2018-04-19T17:33:18.773098+08:00
HTTPConnectionPool(host='ref.idhchain.com', port=80): Max retries exceeded with url: /query_invite_num/?token=v0ZnlqAE5uzqSqFpcMuOIP5TkBOBbMHl&phone=18806878021 (Caused by NewConnectionError('<urllib3.connection.HTTPConnection object at 0x7f390bd4fa90>: Failed to establish a new connection: [Errno 110] Connection timed out',))
HTTPConnectionPool(host='ref.idhchain.com', port=80): Max retries exceeded with url: /query_invite_num/?token=v0ZnlqAE5uzqSqFpcMuOIP5TkBOBbMHl&phone=18817619680 (Caused by NewConnectionError('<urllib3.connection.HTTPConnection object at 0x7f390bd547b8>: Failed to establish a new connection: [Errno 110] Connection timed out',))
HTTPConnectionPool(host='ref.idhchain.com', port=80): Max retries exceeded with url: /query_invite_num/?token=v0ZnlqAE5uzqSqFpcMuOIP5TkBOBbMHl&phone=15065275665 (Caused by NewConnectionError('<urllib3.connection.HTTPConnection object at 0x7f390b6bbdd8>: Failed to establish a new connection: [Errno 110] Connection timed out',))
Sync invite phone done! 2018-04-19T19:01:56.114451+08:00
Sync invite phone done! 2018-04-19T19:35:56.517484+08:00
Sync invite phone done! 2018-04-19T20:35:39.070272+08:00
Sync invite phone done! 2018-04-19T21:42:05.295355+08:00
Sync invite phone done! 2018-04-19T22:36:11.988969+08:00
Sync invite phone done! 2018-04-19T23:34:44.214202+08:00
Sync invite phone done! 2018-04-20T00:36:21.565386+08:00
Sync invite phone done! 2018-04-20T01:34:20.654754+08:00
Sync invite phone done! 2018-04-20T02:37:09.404800+08:00
Sync invite phone done! 2018-04-20T03:30:20.566213+08:00
Sync invite phone done! 2018-04-20T04:34:58.502898+08:00
Sync invite phone done! 2018-04-20T05:34:27.793654+08:00
Sync invite phone done! 2018-04-20T06:35:15.765500+08:00
Sync invite phone done! 2018-04-20T07:31:57.943038+08:00
Sync invite phone done! 2018-04-20T08:32:09.456875+08:00
Sync invite phone done! 2018-04-20T09:35:58.297602+08:00
Sync invite phone done! 2018-04-20T10:34:03.110461+08:00
Sync invite phone done! 2018-04-20T11:34:36.594669+08:00
Sync invite phone done! 2018-04-20T12:36:30.805308+08:00
Sync invite phone done! 2018-04-20T13:41:24.288677+08:00
Sync invite phone done! 2018-04-20T14:34:45.737832+08:00
Sync invite phone done! 2018-04-20T15:40:33.166672+08:00
Sync invite phone done! 2018-04-20T16:36:21.331507+08:00
Sync invite phone done! 2018-04-20T17:34:06.957985+08:00
Sync invite phone done! 2018-04-20T18:35:33.381750+08:00
Sync invite phone done! 2018-04-20T19:35:55.583031+08:00
Sync invite phone done! 2018-04-20T20:45:14.899952+08:00
Sync invite phone done! 2018-04-20T21:40:09.048279+08:00
Sync invite phone done! 2018-04-20T23:36:34.082271+08:00
Sync invite phone done! 2018-04-21T00:35:33.349689+08:00
Sync invite phone done! 2018-04-21T01:33:22.822725+08:00
Sync invite phone done! 2018-04-21T02:34:10.916796+08:00
Sync invite phone done! 2018-04-21T03:29:52.377926+08:00
Sync invite phone done! 2018-04-21T04:30:25.437006+08:00
Sync invite phone done! 2018-04-21T05:29:54.841974+08:00
Sync invite phone done! 2018-04-21T06:30:44.988652+08:00
Sync invite phone done! 2018-04-21T07:32:47.253946+08:00
Sync invite phone done! 2018-04-21T08:30:57.827306+08:00
Sync invite phone done! 2018-04-21T09:31:50.486476+08:00
Sync invite phone done! 2018-04-21T10:33:44.074462+08:00
Sync invite phone done! 2018-04-21T11:33:43.432334+08:00
Sync invite phone done! 2018-04-21T12:32:34.608570+08:00
Sync invite phone done! 2018-04-21T13:33:12.510532+08:00
Sync invite phone done! 2018-04-21T14:38:24.563293+08:00
Sync invite phone done! 2018-04-21T15:36:23.590016+08:00
Sync invite phone done! 2018-04-21T16:37:26.464792+08:00
Sync invite phone done! 2018-04-21T17:38:09.935562+08:00
Sync invite phone done! 2018-04-21T18:32:49.438720+08:00
Sync invite phone done! 2018-04-21T19:33:53.773910+08:00
Sync invite phone done! 2018-04-21T20:36:22.637860+08:00
Sync invite phone done! 2018-04-21T21:38:16.977255+08:00
Sync invite phone done! 2018-04-21T22:46:05.548853+08:00
Sync invite phone done! 2018-04-21T23:36:08.481644+08:00
Sync invite phone done! 2018-04-22T00:35:06.132329+08:00
Sync invite phone done! 2018-04-22T01:33:36.101279+08:00
Sync invite phone done! 2018-04-22T02:32:02.688783+08:00
Sync invite phone done! 2018-04-22T03:30:53.924087+08:00
Sync invite phone done! 2018-04-22T04:31:21.338853+08:00
Sync invite phone done! 2018-04-22T05:31:09.862606+08:00
Sync invite phone done! 2018-04-22T06:30:37.420756+08:00
Sync invite phone done! 2018-04-22T07:31:52.008334+08:00
Sync invite phone done! 2018-04-22T08:32:14.705140+08:00
Sync invite phone done! 2018-04-22T09:33:59.921088+08:00
Sync invite phone done! 2018-04-22T10:33:29.742443+08:00
Sync invite phone done! 2018-04-22T11:33:16.191526+08:00
Sync invite phone done! 2018-04-22T12:33:01.342378+08:00
Sync invite phone done! 2018-04-22T13:35:34.222978+08:00
Sync invite phone done! 2018-04-22T14:34:39.729856+08:00
Sync invite phone done! 2018-04-22T15:38:13.807513+08:00
Sync invite phone done! 2018-04-22T16:34:39.520423+08:00
Sync invite phone done! 2018-04-22T17:33:50.890856+08:00
Sync invite phone done! 2018-04-22T18:34:20.001768+08:00
Sync invite phone done! 2018-04-22T19:38:11.597045+08:00
Sync invite phone done! 2018-04-22T20:33:41.885378+08:00
Sync invite phone done! 2018-04-22T21:36:24.892192+08:00
Sync invite phone done! 2018-04-22T22:35:58.851178+08:00
Sync invite phone done! 2018-04-22T23:35:47.530812+08:00
Sync invite phone done! 2018-04-23T00:34:34.726532+08:00
Sync invite phone done! 2018-04-23T01:31:57.603178+08:00
Sync invite phone done! 2018-04-23T02:30:40.344981+08:00
Sync invite phone done! 2018-04-23T03:30:39.307101+08:00
Sync invite phone done! 2018-04-23T04:30:55.956633+08:00
Sync invite phone done! 2018-04-23T05:30:18.390629+08:00
Sync invite phone done! 2018-04-23T06:31:21.657564+08:00
Sync invite phone done! 2018-04-23T07:31:26.737995+08:00
Sync invite phone done! 2018-04-23T08:30:49.038182+08:00
Sync invite phone done! 2018-04-23T09:32:01.045270+08:00
Sync invite phone done! 2018-04-23T10:33:08.184807+08:00
Sync invite phone done! 2018-04-23T11:32:27.940749+08:00
Sync invite phone done! 2018-04-23T12:36:16.454268+08:00
Sync invite phone done! 2018-04-23T13:36:34.534767+08:00
Sync invite phone done! 2018-04-23T14:35:20.184384+08:00
Sync invite phone done! 2018-04-23T15:37:43.840315+08:00
Sync invite phone done! 2018-04-23T16:37:52.321459+08:00
Sync invite phone done! 2018-04-23T17:36:29.869049+08:00
Sync invite phone done! 2018-04-23T18:32:40.897445+08:00
Sync invite phone done! 2018-04-23T19:39:49.872890+08:00
Sync invite phone done! 2018-04-23T20:42:18.200942+08:00
Sync invite phone done! 2018-04-23T21:42:17.130039+08:00
Sync invite phone done! 2018-04-23T22:36:58.919685+08:00
Sync invite phone done! 2018-04-23T23:37:23.338574+08:00
Sync invite phone done! 2018-04-24T00:34:22.931798+08:00
Sync invite phone done! 2018-04-24T01:34:17.611725+08:00
Sync invite phone done! 2018-04-24T02:33:05.242690+08:00
Sync invite phone done! 2018-04-24T03:31:50.800047+08:00
Sync invite phone done! 2018-04-24T04:31:44.927834+08:00
Sync invite phone done! 2018-04-24T05:31:00.917997+08:00
Sync invite phone done! 2018-04-24T06:31:09.381185+08:00
Sync invite phone done! 2018-04-24T07:30:41.037476+08:00
Sync invite phone done! 2018-04-24T08:35:51.960076+08:00
Sync invite phone done! 2018-04-24T09:36:42.508114+08:00
Sync invite phone done! 2018-04-24T10:31:52.023925+08:00
Sync invite phone done! 2018-04-24T11:33:16.912697+08:00
Sync invite phone done! 2018-04-24T12:33:16.302716+08:00
HTTPConnectionPool(host='ref.idhchain.com', port=80): Max retries exceeded with url: /query_invite_num/?token=v0ZnlqAE5uzqSqFpcMuOIP5TkBOBbMHl&phone=13233302225 (Caused by NewConnectionError('<urllib3.connection.HTTPConnection object at 0x7fba226aafd0>: Failed to establish a new connection: [Errno 110] Connection timed out',))
Sync invite phone done! 2018-04-24T13:36:57.292489+08:00
Sync invite phone done! 2018-04-24T14:37:33.065619+08:00
Sync invite phone done! 2018-04-24T15:36:26.275269+08:00
Sync invite phone done! 2018-04-24T16:35:13.745548+08:00
Sync invite phone done! 2018-04-24T17:32:47.629378+08:00
Sync invite phone done! 2018-04-24T18:31:10.310407+08:00
Sync invite phone done! 2018-04-24T19:34:16.537066+08:00
Sync invite phone done! 2018-04-24T20:38:41.392310+08:00
Sync invite phone done! 2018-04-24T21:39:09.837132+08:00
Sync invite phone done! 2018-04-24T22:35:41.164053+08:00
Sync invite phone done! 2018-04-24T23:38:12.550648+08:00
Sync invite phone done! 2018-04-25T00:34:48.143178+08:00
Sync invite phone done! 2018-04-25T01:33:18.443795+08:00
Sync invite phone done! 2018-04-25T02:30:24.776718+08:00
Sync invite phone done! 2018-04-25T03:30:19.391545+08:00
Sync invite phone done! 2018-04-25T04:30:20.122977+08:00
Sync invite phone done! 2018-04-25T05:31:10.548624+08:00
Sync invite phone done! 2018-04-25T06:31:10.042082+08:00
Sync invite phone done! 2018-04-25T07:31:39.877857+08:00
Sync invite phone done! 2018-04-25T08:31:02.073270+08:00
Sync invite phone done! 2018-04-25T09:31:14.363843+08:00
Sync invite phone done! 2018-04-25T10:32:40.702025+08:00
Sync invite phone done! 2018-04-25T11:33:07.965488+08:00
HTTPConnectionPool(host='ref.idhchain.com', port=80): Max retries exceeded with url: /query_invite_num/?token=v0ZnlqAE5uzqSqFpcMuOIP5TkBOBbMHl&phone=15585388875 (Caused by NewConnectionError('<urllib3.connection.HTTPConnection object at 0x7f6298970ef0>: Failed to establish a new connection: [Errno 110] Connection timed out',))
('Connection aborted.', RemoteDisconnected('Remote end closed connection without response',))
HTTPConnectionPool(host='ref.idhchain.com', port=80): Max retries exceeded with url: /query_invite_num/?token=v0ZnlqAE5uzqSqFpcMuOIP5TkBOBbMHl&phone=13201705802 (Caused by NewConnectionError('<urllib3.connection.HTTPConnection object at 0x7f62989d7e48>: Failed to establish a new connection: [Errno 110] Connection timed out',))
('Connection aborted.', RemoteDisconnected('Remote end closed connection without response',))
('Connection aborted.', RemoteDisconnected('Remote end closed connection without response',))
('Connection aborted.', ConnectionResetError(104, 'Connection reset by peer'))
HTTPConnectionPool(host='ref.idhchain.com', port=80): Max retries exceeded with url: /query_invite_num/?token=v0ZnlqAE5uzqSqFpcMuOIP5TkBOBbMHl&phone=13538073305 (Caused by NewConnectionError('<urllib3.connection.HTTPConnection object at 0x7f62982980b8>: Failed to establish a new connection: [Errno 110] Connection timed out',))
HTTPConnectionPool(host='ref.idhchain.com', port=80): Max retries exceeded with url: /query_invite_num/?token=v0ZnlqAE5uzqSqFpcMuOIP5TkBOBbMHl&phone=18525427077 (Caused by NewConnectionError('<urllib3.connection.HTTPConnection object at 0x7f62981f7f28>: Failed to establish a new connection: [Errno 110] Connection timed out',))
('Connection aborted.', ConnectionResetError(104, 'Connection reset by peer'))
Sync invite phone done! 2018-04-25T13:04:44.157233+08:00
Sync invite phone done! 2018-04-25T13:41:52.229426+08:00
Sync invite phone done! 2018-04-25T14:38:10.669732+08:00
Sync invite phone done! 2018-04-25T15:22:07.009767+08:00
Sync invite phone done! 2018-04-25T16:22:59.774335+08:00
Sync invite phone done! 2018-04-25T17:23:31.204464+08:00
Sync invite phone done! 2018-04-25T18:22:14.241154+08:00
Sync invite phone done! 2018-04-25T19:21:38.078034+08:00
Sync invite phone done! 2018-04-25T20:22:04.004205+08:00
Sync invite phone done! 2018-04-25T21:22:07.435764+08:00
Sync invite phone done! 2018-04-25T22:22:16.394198+08:00
Sync invite phone done! 2018-04-25T23:22:32.507543+08:00
Sync invite phone done! 2018-04-26T00:22:12.128881+08:00
Sync invite phone done! 2018-04-26T01:22:08.873075+08:00
Sync invite phone done! 2018-04-26T02:22:29.079423+08:00
Sync invite phone done! 2018-04-26T03:22:13.461126+08:00
Sync invite phone done! 2018-04-26T04:22:13.247793+08:00
Sync invite phone done! 2018-04-26T05:22:15.674552+08:00
Sync invite phone done! 2018-04-26T06:22:20.424661+08:00
Sync invite phone done! 2018-04-26T07:22:08.834155+08:00
Sync invite phone done! 2018-04-26T08:21:44.153956+08:00
Sync invite phone done! 2018-04-26T09:21:48.611518+08:00
Sync invite phone done! 2018-04-26T10:21:59.775782+08:00
Sync invite phone done! 2018-04-26T11:22:12.840290+08:00
Sync invite phone done! 2018-04-26T12:22:09.941316+08:00
Sync invite phone done! 2018-04-26T13:22:47.158116+08:00
Sync invite phone done! 2018-04-26T14:22:47.820848+08:00
Sync invite phone done! 2018-04-26T15:22:40.612075+08:00
Sync invite phone done! 2018-04-26T16:22:18.440373+08:00
Sync invite phone done! 2018-04-26T17:22:08.221671+08:00
Sync invite phone done! 2018-04-26T18:22:22.668191+08:00
Sync invite phone done! 2018-04-26T19:22:11.960633+08:00
Sync invite phone done! 2018-04-26T20:22:09.330830+08:00
Sync invite phone done! 2018-04-26T21:22:35.911713+08:00
Sync invite phone done! 2018-04-26T22:22:07.558811+08:00
Sync invite phone done! 2018-04-26T23:22:44.875997+08:00
Sync invite phone done! 2018-04-27T00:22:30.523807+08:00
Sync invite phone done! 2018-04-27T01:22:42.717103+08:00
Sync invite phone done! 2018-04-27T02:22:08.706622+08:00
Sync invite phone done! 2018-04-27T03:21:36.098169+08:00
Sync invite phone done! 2018-04-27T04:21:36.959161+08:00
Sync invite phone done! 2018-04-27T05:21:35.333070+08:00
Sync invite phone done! 2018-04-27T06:21:39.912584+08:00
Sync invite phone done! 2018-04-27T07:21:57.670124+08:00
Sync invite phone done! 2018-04-27T08:21:35.886821+08:00
Sync invite phone done! 2018-04-27T09:21:42.544588+08:00
Sync invite phone done! 2018-04-27T10:22:04.220105+08:00
Sync invite phone done! 2018-04-27T11:22:03.876035+08:00
Sync invite phone done! 2018-04-27T12:22:33.027110+08:00
Sync invite phone done! 2018-04-27T13:23:11.485068+08:00
Sync invite phone done! 2018-04-27T14:22:50.642067+08:00
Sync invite phone done! 2018-04-27T15:22:02.602239+08:00
Sync invite phone done! 2018-04-27T16:22:28.581407+08:00
Sync invite phone done! 2018-04-27T17:22:03.014454+08:00
Sync invite phone done! 2018-04-27T18:22:18.167515+08:00
Sync invite phone done! 2018-04-27T19:22:14.007303+08:00
Sync invite phone done! 2018-04-27T20:21:57.643932+08:00
Sync invite phone done! 2018-04-27T21:22:05.319056+08:00
Sync invite phone done! 2018-04-27T22:22:02.544726+08:00
Sync invite phone done! 2018-04-27T23:22:21.514553+08:00
Sync invite phone done! 2018-04-28T00:21:37.365765+08:00
Sync invite phone done! 2018-04-28T01:21:35.326432+08:00
Sync invite phone done! 2018-04-28T02:21:35.816965+08:00
Sync invite phone done! 2018-04-28T03:28:00.079700+08:00
Sync invite phone done! 2018-04-28T04:25:51.272469+08:00
Sync invite phone done! 2018-04-28T05:25:48.582288+08:00
Sync invite phone done! 2018-04-28T06:22:08.455735+08:00
Sync invite phone done! 2018-04-28T07:22:22.254345+08:00
Sync invite phone done! 2018-04-28T08:21:37.350052+08:00
Sync invite phone done! 2018-04-28T09:21:39.124652+08:00
Sync invite phone done! 2018-04-28T10:21:36.517634+08:00
Sync invite phone done! 2018-04-28T11:22:07.287012+08:00
Sync invite phone done! 2018-04-28T12:22:02.555226+08:00
Sync invite phone done! 2018-04-28T13:22:27.602114+08:00
Sync invite phone done! 2018-04-28T14:21:18.753566+08:00
Sync invite phone done! 2018-04-28T15:21:16.681571+08:00
Sync invite phone done! 2018-04-28T16:21:17.557533+08:00
Sync invite phone done! 2018-04-28T17:21:17.226231+08:00
Sync invite phone done! 2018-04-28T18:21:14.561020+08:00
Sync invite phone done! 2018-04-28T19:21:14.581826+08:00
Sync invite phone done! 2018-04-28T20:21:15.251207+08:00
Sync invite phone done! 2018-04-28T21:21:15.163875+08:00
Sync invite phone done! 2018-04-28T22:21:14.301467+08:00
Sync invite phone done! 2018-04-28T23:21:16.122943+08:00
Sync invite phone done! 2018-04-29T00:21:15.580930+08:00
Sync invite phone done! 2018-04-29T01:21:15.895214+08:00
Sync invite phone done! 2018-04-29T02:21:15.106096+08:00
Sync invite phone done! 2018-04-29T03:21:14.159702+08:00
Sync invite phone done! 2018-04-29T04:21:15.677937+08:00
Sync invite phone done! 2018-04-29T05:21:15.155023+08:00
Sync invite phone done! 2018-04-29T06:21:16.830229+08:00
Sync invite phone done! 2018-04-29T07:21:15.981142+08:00
Sync invite phone done! 2018-04-29T08:21:14.001080+08:00
Sync invite phone done! 2018-04-29T09:21:15.598409+08:00
Sync invite phone done! 2018-04-29T10:21:16.957189+08:00
Sync invite phone done! 2018-04-29T11:21:15.380242+08:00
Sync invite phone done! 2018-04-29T12:21:15.968822+08:00
Sync invite phone done! 2018-04-29T13:21:15.658013+08:00
Sync invite phone done! 2018-04-29T14:21:15.848130+08:00
Sync invite phone done! 2018-04-29T15:21:15.527515+08:00
Sync invite phone done! 2018-04-29T16:21:16.956999+08:00
Sync invite phone done! 2018-04-29T17:21:16.025919+08:00
Sync invite phone done! 2018-04-29T18:21:15.558132+08:00
Sync invite phone done! 2018-04-29T19:21:16.039461+08:00
Sync invite phone done! 2018-04-29T20:21:15.810579+08:00
Sync invite phone done! 2018-04-29T21:21:15.616141+08:00
Sync invite phone done! 2018-04-29T22:21:15.181766+08:00
Sync invite phone done! 2018-04-29T23:21:16.855979+08:00
Sync invite phone done! 2018-04-30T00:21:16.950179+08:00
Sync invite phone done! 2018-04-30T01:21:14.920600+08:00
Sync invite phone done! 2018-04-30T02:21:17.018047+08:00
Sync invite phone done! 2018-04-30T03:21:15.769929+08:00
Sync invite phone done! 2018-04-30T04:21:15.064788+08:00
Sync invite phone done! 2018-04-30T05:21:15.936652+08:00
Sync invite phone done! 2018-04-30T06:21:16.316152+08:00
Sync invite phone done! 2018-04-30T07:21:14.370806+08:00
Sync invite phone done! 2018-04-30T08:21:17.177876+08:00
Sync invite phone done! 2018-04-30T09:21:16.594680+08:00
Sync invite phone done! 2018-04-30T10:21:15.942864+08:00
Sync invite phone done! 2018-04-30T11:21:17.910509+08:00
Sync invite phone done! 2018-04-30T12:21:19.699972+08:00
Sync invite phone done! 2018-04-30T13:21:15.800790+08:00
Sync invite phone done! 2018-04-30T14:21:16.116810+08:00
Sync invite phone done! 2018-04-30T15:21:16.439946+08:00
Sync invite phone done! 2018-04-30T16:21:20.308919+08:00
Sync invite phone done! 2018-04-30T17:21:15.402257+08:00
Sync invite phone done! 2018-04-30T18:21:17.889977+08:00
Sync invite phone done! 2018-04-30T19:21:15.632489+08:00
Sync invite phone done! 2018-04-30T20:21:19.830532+08:00
Sync invite phone done! 2018-04-30T21:21:15.316716+08:00
Sync invite phone done! 2018-04-30T22:21:15.061775+08:00
Sync invite phone done! 2018-04-30T23:21:17.725837+08:00
Sync invite phone done! 2018-05-01T00:21:17.589605+08:00
Sync invite phone done! 2018-05-01T01:21:15.351268+08:00
Sync invite phone done! 2018-05-01T02:21:16.034638+08:00
Sync invite phone done! 2018-05-01T03:21:15.763255+08:00
Sync invite phone done! 2018-05-01T04:21:16.322012+08:00
Sync invite phone done! 2018-05-01T05:21:15.645900+08:00
Sync invite phone done! 2018-05-01T06:21:17.753771+08:00
Sync invite phone done! 2018-05-01T07:21:16.636285+08:00
Sync invite phone done! 2018-05-01T08:21:17.600135+08:00
Sync invite phone done! 2018-05-01T09:21:16.497351+08:00
Sync invite phone done! 2018-05-01T10:21:16.814433+08:00
Sync invite phone done! 2018-05-01T11:21:17.114204+08:00
Sync invite phone done! 2018-05-01T12:21:18.735220+08:00
Sync invite phone done! 2018-05-01T13:21:15.665246+08:00
Sync invite phone done! 2018-05-01T14:21:16.595722+08:00
Sync invite phone done! 2018-05-01T15:21:17.915301+08:00
Sync invite phone done! 2018-05-01T16:21:19.707899+08:00
Sync invite phone done! 2018-05-01T17:21:17.164505+08:00
Sync invite phone done! 2018-05-01T18:21:18.469647+08:00
Sync invite phone done! 2018-05-01T19:21:14.970021+08:00
Sync invite phone done! 2018-05-01T20:21:17.027719+08:00
Sync invite phone done! 2018-05-01T21:21:20.902631+08:00
Sync invite phone done! 2018-05-01T22:21:16.043189+08:00
Sync invite phone done! 2018-05-01T23:21:24.891130+08:00
Sync invite phone done! 2018-05-02T00:21:16.187714+08:00
Sync invite phone done! 2018-05-02T01:21:15.413211+08:00
Sync invite phone done! 2018-05-02T02:21:15.587423+08:00
Sync invite phone done! 2018-05-02T03:21:15.748968+08:00
Sync invite phone done! 2018-05-02T04:21:15.721044+08:00
Sync invite phone done! 2018-05-02T05:21:15.685011+08:00
Sync invite phone done! 2018-05-02T06:21:14.581038+08:00
Sync invite phone done! 2018-05-02T07:21:14.536285+08:00
Sync invite phone done! 2018-05-02T08:21:17.426877+08:00
Sync invite phone done! 2018-05-02T09:21:15.903527+08:00
Sync invite phone done! 2018-05-02T10:21:27.103059+08:00
Sync invite phone done! 2018-05-02T11:21:18.532024+08:00
