2018-04-03 10:00:15	WeChat PB ERROR! MSG:(1062, "Duplicate entry 'oKbBj0i-YODbJlDlMM4-goDjY4Rg-oAju_0u36V3E9DEj-ROG4pTntdGM' for key 'UserManagement_wechatsubscription_openid_unionid_70dc97b8_uniq'")
2018-04-03 14:17:05	oqY-m1Qqbl6Ugse61o0aVHPVUBY0 is not subscribe!
2018-04-03 15:56:23	WeChat PB oKbBj0h0pbLvjJ7ZYFnXhwSr0z_Q ERROR! MSG:(1062, "Duplicate entry 'oKbBj0h0pbLvjJ7ZYFnXhwSr0z_Q-oAju_0pyIyHN88bjLheravnjnKWI' for key 'UserManagement_wechatsubscription_openid_unionid_70dc97b8_uniq'")
2018-04-03 16:46:07	oqY-m1SvKJYdQYnI95PufUhfSkdk is not subscribe!
2018-04-03 18:38:13	oqY-m1fWxfzUp-GsA2n-9OO4o_LQ is not subscribe!
2018-04-04 13:13:37	oKbBj0jN6GsJocLUp2H8chMhcj3E is not subscribe!
2018-04-04 15:06:34	WeChat PB oKbBj0gwx9bSlHqTKyp5rDfER1ic ERROR! MSG:(1062, "Duplicate entry 'oKbBj0gwx9bSlHqTKyp5rDfER1ic-oAju_0vfiTyij7xULg1DpWd49ONM' for key 'UserManagement_wechatsubscription_openid_unionid_70dc97b8_uniq'")
2018-04-05 00:18:49	oqY-m1YmVgl6lbOpVH9zsBJ4zdlM is not subscribe!
2018-04-05 06:52:38	oqY-m1U_FQTbXHF8hWHPWbFoqiQU is not subscribe!
2018-04-05 10:15:20	oKbBj0jN6GsJocLUp2H8chMhcj3E is not subscribe!
2018-04-06 11:18:22	oKbBj0jN6GsJocLUp2H8chMhcj3E is not subscribe!
2018-04-06 16:16:21	oqY-m1czhJoGIQXkfQeAt4hOw6EQ is not subscribe!
2018-04-07 16:44:57	oqY-m1SI-1xhIqZ5q54KPZC_GyRY is not subscribe!
2018-04-07 17:19:22	oKbBj0jN6GsJocLUp2H8chMhcj3E is not subscribe!
2018-04-08 00:22:35	oqY-m1Vh3JQcdeRuBmzJl6zWANq0 is not subscribe!
2018-04-08 08:31:31	oqY-m1dGhMX1XZdL6PIGYsBnh78Q is not subscribe!
2018-04-08 12:19:27	oKbBj0jN6GsJocLUp2H8chMhcj3E is not subscribe!
2018-04-08 17:12:00	oqY-m1QNk55sWJocKLg9K4MWAfSQ is not subscribe!
2018-04-08 17:51:09	WeChat PB oKbBj0sa5DmMGi-jlas52ndEj91A ERROR! MSG:(1366, "Incorrect string value: '\\xF0\\x9F\\x8C\\xBC' for column 'nickname' at row 1")
2018-04-08 18:08:10	oqY-m1QbnfmhlJmyLLnqg79vcD6Q is not subscribe!
2018-04-08 23:38:37	oqY-m1QNk55sWJocKLg9K4MWAfSQ is not subscribe!
2018-04-09 08:47:39	oqY-m1YBkD6Ly-nHuMqJLgKfB23U is not subscribe!
2018-04-09 08:48:16	oqY-m1YBkD6Ly-nHuMqJLgKfB23U is not subscribe!
2018-04-09 08:48:25	oqY-m1YBkD6Ly-nHuMqJLgKfB23U is not subscribe!
2018-04-09 08:48:27	oqY-m1YBkD6Ly-nHuMqJLgKfB23U is not subscribe!
2018-04-09 14:30:33	oKbBj0jN6GsJocLUp2H8chMhcj3E is not subscribe!
2018-04-10 17:03:41	oKbBj0jN6GsJocLUp2H8chMhcj3E is not subscribe!
2018-04-10 20:09:40	oqY-m1ZmX0a1wsc2dsFAV9gcCbL4 is not subscribe!
2018-04-11 09:30:26	oqY-m1Q6tiMUuS2RpdJUvFZHezHE is not subscribe!
2018-04-13 12:44:19	WeChat PB oKbBj0oy_VTNMta3-1I1JbgCqQYQ ERROR! MSG:(1366, "Incorrect string value: '\\xF0\\x9F\\x95\\xB6' for column 'nickname' at row 1")
2018-04-13 13:26:03	oqY-m1e8X6jBkUDxs3mTTSgMXlDA is not subscribe!
2018-04-13 18:56:10	oqY-m1UfHTZtzLLkp7GJKkV4_u64 is not subscribe!
2018-04-14 00:06:44	oqY-m1ePUdi_EndXOCcBBDqd7W7U is not subscribe!
2018-04-14 00:07:01	oqY-m1ePUdi_EndXOCcBBDqd7W7U is not subscribe!
2018-04-14 10:56:03	oqY-m1SMsA4ZHqe3I0NBvIKMiWSM is not subscribe!
2018-04-14 14:41:26	oKbBj0jN6GsJocLUp2H8chMhcj3E is not subscribe!
2018-04-14 14:41:26	oKbBj0jN6GsJocLUp2H8chMhcj3E is not subscribe!
2018-04-15 12:41:29	oqY-m1WqLiqKzBi3XDGOZ7-lgnEY is not subscribe!
2018-04-16 16:05:32	oqY-m1bPOS_aHeiznoJr-zam-Dfg is not subscribe!
2018-04-16 16:05:32	oqY-m1bPOS_aHeiznoJr-zam-Dfg is not subscribe!
2018-04-16 16:05:38	oqY-m1bPOS_aHeiznoJr-zam-Dfg is not subscribe!
2018-04-16 16:07:12	oqY-m1bPOS_aHeiznoJr-zam-Dfg is not subscribe!
2018-04-17 08:33:27	WeChat PB oKbBj0ro4AjwfJY4XB0deU2z0Qys ERROR! MSG:(1062, "Duplicate entry 'oKbBj0ro4AjwfJY4XB0deU2z0Qys-oAju_0szkijWOCu6SZhDpyK7qWmA' for key 'UserManagement_wechatsubscription_openid_unionid_70dc97b8_uniq'")
2018-04-17 12:53:54	oqY-m1ZdWS0R9oiKmRlhUHF5sV0g is not subscribe!
2018-04-17 12:53:55	oqY-m1ZdWS0R9oiKmRlhUHF5sV0g is not subscribe!
2018-04-18 22:01:55	oKbBj0jN6GsJocLUp2H8chMhcj3E is not subscribe!
2018-04-20 01:57:19	oqY-m1azHc5p-qDNZrbmEcEJzARM is not subscribe!
2018-04-20 13:32:41	oKbBj0jN6GsJocLUp2H8chMhcj3E is not subscribe!
2018-04-20 18:47:28	oqY-m1YXvuoQwbqjh2M3RpJtyw_4 is not subscribe!
2018-04-22 15:19:16	oqY-m1Y1Pv0ucsy6IgBvaPohsjeQ is not subscribe!
2018-04-22 15:26:03	oqY-m1Y1Pv0ucsy6IgBvaPohsjeQ is not subscribe!
2018-04-23 12:41:51	oqY-m1Y1Pv0ucsy6IgBvaPohsjeQ is not subscribe!
2018-04-23 12:44:35	oqY-m1Y1Pv0ucsy6IgBvaPohsjeQ is not subscribe!
2018-04-23 13:59:10	oqY-m1Y1Pv0ucsy6IgBvaPohsjeQ is not subscribe!
2018-04-23 14:08:40	oqY-m1Zfx4-MbDRjPCAGhLMttZT8 is not subscribe!
2018-04-23 14:09:51	oqY-m1Y1Pv0ucsy6IgBvaPohsjeQ is not subscribe!
2018-04-23 15:27:21	oqY-m1dKTBiMplAZSEkXn7zKayC4 is not subscribe!
2018-04-23 17:01:54	oKbBj0jN6GsJocLUp2H8chMhcj3E is not subscribe!
2018-04-23 20:11:28	WeChat PB oKbBj0vSwyWRLv7YS2u4JvH2NUCQ ERROR! MSG:(1366, "Incorrect string value: '\\xF0\\x9F\\x91\\x80' for column 'nickname' at row 1")
2018-04-23 22:34:27	oqY-m1YPEvudP2vCkqagyb1jaxGo is not subscribe!
2018-04-24 19:29:45	oKbBj0jN6GsJocLUp2H8chMhcj3E is not subscribe!
2018-04-25 12:44:22	oqY-m1ayMt--YbkpA8RyAEuoleSU is not subscribe!
2018-04-25 12:44:31	oqY-m1ayMt--YbkpA8RyAEuoleSU is not subscribe!
2018-04-25 13:18:18	oKbBj0jN6GsJocLUp2H8chMhcj3E is not subscribe!
2018-04-25 17:22:24	WeChat PB oKbBj0jra3Ev7he5SEd6yJUCKXes ERROR! MSG:(1062, "Duplicate entry 'oKbBj0jra3Ev7he5SEd6yJUCKXes-oAju_0hYVi_mV2N-836E_kAEVqis' for key 'UserManagement_wechatsubscription_openid_unionid_70dc97b8_uniq'")
2018-04-25 18:37:07	oqY-m1fS1WRLKRwwZY_RioqchftA is not subscribe!
2018-04-25 19:29:00	oqY-m1Xlo-fbwzUc_5CjjX0gFKZo is not subscribe!
2018-04-25 20:54:21	WeChat PB oKbBj0h4Hq2dNoN0Z705qFZYmK4I ERROR! MSG:(1366, "Incorrect string value: '\\xF0\\x9F\\x90\\xB2  ...' for column 'nickname' at row 1")
2018-04-26 07:45:30	oqY-m1aS93xOs_RUN-IkMGqsivB8 is not subscribe!
2018-04-26 07:45:31	oqY-m1aS93xOs_RUN-IkMGqsivB8 is not subscribe!
2018-04-26 14:45:24	oKbBj0jN6GsJocLUp2H8chMhcj3E is not subscribe!
2018-04-27 12:00:02	oKbBj0jN6GsJocLUp2H8chMhcj3E is not subscribe!
2018-04-27 13:32:41	oqY-m1XrSY1ChnCMf0qgqo7b3wNg is not subscribe!
2018-04-27 13:33:15	oqY-m1XrSY1ChnCMf0qgqo7b3wNg is not subscribe!
2018-04-27 17:34:58	WeChat PB oKbBj0lhPA4zW3mLg--SHMMI1yME ERROR! MSG:(1062, "Duplicate entry 'oKbBj0lhPA4zW3mLg--SHMMI1yME-oAju_0g71tUWPVy3hymJvlgdQEv4' for key 'UserManagement_wechatsubscription_openid_unionid_70dc97b8_uniq'")
2018-04-28 23:45:58	oqY-m1Q7sakeN8pKzjK0GU888X90 is not subscribe!
2018-04-29 08:27:17	oqY-m1a5BT_amjqe-nPx4c6eYvac is not subscribe!
2018-04-29 22:33:04	oqY-m1ePYzT08QCSIChz3qiF4B7g is not subscribe!
2018-04-30 20:14:13	oqY-m1QM5WyjtWFI7Sa5JTB8VX1M is not subscribe!
